#
# A fatal error has been detected by the Java Runtime Environment:
#
#  SIGSEGV (0xb) at pc=0x00007fffb5a35122, pid=42531, tid=23051
#
# JRE version: Java(TM) SE Runtime Environment (8.0_73-b02) (build 1.8.0_73-b02)
# Java VM: Java HotSpot(TM) 64-Bit Server VM (25.73-b02 mixed mode bsd-amd64 compressed oops)
# Problematic frame:
# C  [libsystem_platform.dylib+0x2122]  _platform_memmove$VARIANT$Nehalem+0xc2
#
# Failed to write core dump. Core dumps have been disabled. To enable core dumping, try "ulimit -c unlimited" before starting Java again
#
# If you would like to submit a bug report, please visit:
#   http://bugreport.java.com/bugreport/crash.jsp
# The crash happened outside the Java Virtual Machine in native code.
# See problematic frame for where to report the bug.
#

---------------  T H R E A D  ---------------

Current thread (0x00007fbe2ae2e000):  JavaThread "Daemon worker Thread 3" [_thread_in_native, id=23051, stack(0x00007000045dd000,0x00007000046dd000)]

siginfo: si_signo: 11 (SIGSEGV), si_code: 1 (SEGV_MAPERR), si_addr: 0x0000000119f88000

Registers:
RAX=0x00007fbe2f5a3402, RBX=0x0000000119f82ffd, RCX=0x000000000000000e, RDX=0x00000000000053f2
RSP=0x00007000046d69f0, RBP=0x00007000046d69f0, RSI=0x0000000119f87ff9, RDI=0x00007fbe2f5a83d0
R8 =0x000000000000a402, R9 =0x00007fbe2f5a3400, R10=0x0000000000000000, R11=0x00007fbd156203d7
R12=0x0000000000000000, R13=0x00000000692f636d, R14=0x0000000000000000, R15=0x000000000000a400
RIP=0x00007fffb5a35122, EFLAGS=0x0000000000010202, ERR=0x0000000000000004
  TRAPNO=0x000000000000000e

Top of Stack: (sp=0x00007000046d69f0)
0x00007000046d69f0:   00007000046d6a60 0000000103587086
0x00007000046d6a00:   00000000046d6bb0 00000000000000a4
0x00007000046d6a10:   0000000000009981 00007fbe32399c00
0x00007000046d6a20:   0000000000000000 00007fbe3220bb60
0x00007000046d6a30:   00007fbe32393b60 00007fbe3220bb60
0x00007000046d6a40:   00007fbe2b86f400 0000000000000290
0x00007000046d6a50:   00000000db6439eb 00007fbe320641a0
0x00007000046d6a60:   00007000046d6ac0 0000000103587554
0x00007000046d6a70:   00007000046d6b31 00007000046d6b30
0x00007000046d6a80:   0000005100000000 0000005201e2e000
0x00007000046d6a90:   00007000046d6ade 00007000046d6f28
0x00007000046d6aa0:   0000000000000052 00007000046d6ade
0x00007000046d6ab0:   00007fbe3220bb60 00007fbe2ae2e1f8
0x00007000046d6ac0:   00007000046d6f10 000000010358634f
0x00007000046d6ad0:   00007fbe2ae2e000 6f63000100000001
0x00007000046d6ae0:   61692f636d652f6d 7069732f6b64732f
0x00007000046d6af0:   6c626d657373612f 67616b6361502f79
0x00007000046d6b00:   726f666e49676e69 50246e6f6974616d
0x00007000046d6b10:   676e6967616b6361 74616d726f666e49
0x00007000046d6b20:   646c6975426e6f69 7373616c632e7265
0x00007000046d6b30:   00000007b1eb8d00 000000000000005e
0x00007000046d6b40:   0000000000000000 00750062002f0065
0x00007000046d6b50:   00000000f63d8633 00000000f63d859c
0x00007000046d6b60:   00007000046d7080 000000010797d924
0x00007000046d6b70:   676e6967616b6361 646c6975426e6f69
0x00007000046d6b80:   0000000000000000 0000000000000000
0x00007000046d6b90:   0000000000000000 0000000000000000
0x00007000046d6ba0:   0000000000000000 0000000000000000
0x00007000046d6bb0:   0000000000000000 00007fbe2ae2e000
0x00007000046d6bc0:   00000001076fec00 00007000046d6c70
0x00007000046d6bd0:   00000001077f5a07 00000001077f58d0
0x00007000046d6be0:   0000000700000000 00007000046d6e40 

Instructions: (pc=0x00007fffb5a35122)
0x00007fffb5a35102:   00 00 76 6a 48 f7 c6 0f 00 00 00 74 31 0f 29 0f
0x00007fffb5a35112:   0f 29 57 10 0f 29 5f 20 0f 29 67 30 48 83 c7 40
0x00007fffb5a35122:   0f 10 0e 0f 10 56 10 0f 10 5e 20 0f 10 66 30 48
0x00007fffb5a35132:   83 c6 40 48 83 ea 40 77 d4 eb 33 0f 1f 00 0f 29 

Register to memory mapping:

RAX=0x00007fbe2f5a3402 is an unknown value
RBX=0x0000000119f82ffd is an unknown value
RCX=0x000000000000000e is an unknown value
RDX=0x00000000000053f2 is an unknown value
RSP=0x00007000046d69f0 is pointing into the stack for thread: 0x00007fbe2ae2e000
RBP=0x00007000046d69f0 is pointing into the stack for thread: 0x00007fbe2ae2e000
RSI=0x0000000119f87ff9 is an unknown value
RDI=0x00007fbe2f5a83d0 is an unknown value
R8 =0x000000000000a402 is an unknown value
R9 =0x00007fbe2f5a3400 is an unknown value
R10=0x0000000000000000 is an unknown value
R11=0x00007fbd156203d7 is an unknown value
R12=0x0000000000000000 is an unknown value
R13=0x00000000692f636d is an unknown value
R14=0x0000000000000000 is an unknown value
R15=0x000000000000a400 is an unknown value


Stack: [0x00007000045dd000,0x00007000046dd000],  sp=0x00007000046d69f0,  free space=998k
Native frames: (J=compiled Java code, j=interpreted, Vv=VM code, C=native code)
C  [libsystem_platform.dylib+0x2122]  _platform_memmove$VARIANT$Nehalem+0xc2
C  [libzip.dylib+0x3086]  newEntry+0x321
C  [libzip.dylib+0x3554]  ZIP_GetEntry2+0xd4
C  [libzip.dylib+0x234f]  Java_java_util_zip_ZipFile_getEntry+0xcf
J 185  java.util.zip.ZipFile.getEntry(J[BZ)J (0 bytes) @ 0x000000010785664e [0x0000000107856580+0xce]
J 1634 C2 java.util.zip.ZipFile.getEntry(Ljava/lang/String;)Ljava/util/zip/ZipEntry; (86 bytes) @ 0x0000000107c8e7cc [0x0000000107c8e480+0x34c]
J 14268 C1 sun.net.www.protocol.jar.URLJarFile.getEntry(Ljava/lang/String;)Ljava/util/zip/ZipEntry; (69 bytes) @ 0x000000010a38c8f4 [0x000000010a38c820+0xd4]
J 11941 C1 sun.net.www.protocol.jar.JarURLConnection.connect()V (147 bytes) @ 0x00000001099c37ac [0x00000001099c3260+0x54c]
J 15435 C1 sun.net.www.protocol.jar.JarURLConnection.getInputStream()Ljava/io/InputStream; (97 bytes) @ 0x000000010992f69c [0x000000010992f600+0x9c]
j  java.net.URL.openStream()Ljava/io/InputStream;+4
j  java.lang.ClassLoader.getResourceAsStream(Ljava/lang/String;)Ljava/io/InputStream;+11
j  net.sourceforge.pmd.lang.java.typeresolution.PMDASMClassLoader.getImportedClasses(Ljava/lang/String;)Ljava/util/Map;+169
j  net.sourceforge.pmd.lang.java.typeresolution.ClassTypeResolver.populateClassName(Lnet/sourceforge/pmd/lang/java/ast/ASTCompilationUnit;Ljava/lang/String;)V+21
j  net.sourceforge.pmd.lang.java.typeresolution.ClassTypeResolver.visit(Lnet/sourceforge/pmd/lang/java/ast/ASTCompilationUnit;Ljava/lang/Object;)Ljava/lang/Object;+37
j  net.sourceforge.pmd.lang.java.ast.ASTCompilationUnit.jjtAccept(Lnet/sourceforge/pmd/lang/java/ast/JavaParserVisitor;Ljava/lang/Object;)Ljava/lang/Object;+3
j  net.sourceforge.pmd.lang.java.typeresolution.TypeResolutionFacade.initializeWith(Ljava/lang/ClassLoader;Lnet/sourceforge/pmd/lang/java/ast/ASTCompilationUnit;)V+17
j  net.sourceforge.pmd.lang.java.AbstractJavaHandler$5.start(Lnet/sourceforge/pmd/lang/ast/Node;)V+15
j  net.sourceforge.pmd.SourceCodeProcessor.usesTypeResolution(Lnet/sourceforge/pmd/lang/LanguageVersion;Lnet/sourceforge/pmd/lang/ast/Node;Lnet/sourceforge/pmd/RuleSets;Lnet/sourceforge/pmd/lang/Language;)V+31
j  net.sourceforge.pmd.SourceCodeProcessor.processSource(Ljava/io/Reader;Lnet/sourceforge/pmd/RuleSets;Lnet/sourceforge/pmd/RuleContext;)V+68
j  net.sourceforge.pmd.SourceCodeProcessor.processSourceCode(Ljava/io/Reader;Lnet/sourceforge/pmd/RuleSets;Lnet/sourceforge/pmd/RuleContext;)V+23
j  net.sourceforge.pmd.SourceCodeProcessor.processSourceCode(Ljava/io/InputStream;Lnet/sourceforge/pmd/RuleSets;Lnet/sourceforge/pmd/RuleContext;)V+18
j  net.sourceforge.pmd.processor.MonoThreadProcessor.processFiles(Lnet/sourceforge/pmd/RuleSetFactory;Ljava/util/List;Lnet/sourceforge/pmd/RuleContext;Ljava/util/List;)V+194
j  net.sourceforge.pmd.PMD.processFiles(Lnet/sourceforge/pmd/PMDConfiguration;Lnet/sourceforge/pmd/RuleSetFactory;Ljava/util/List;Lnet/sourceforge/pmd/RuleContext;Ljava/util/List;)V+50
j  net.sourceforge.pmd.ant.internal.PMDTaskImpl.doTask()V+524
j  net.sourceforge.pmd.ant.internal.PMDTaskImpl.execute()V+32
j  net.sourceforge.pmd.ant.PMDTask.execute()V+33
j  org.apache.tools.ant.UnknownElement.execute()V+25
v  ~StubRoutines::call_stub
V  [libjvm.dylib+0x2eae7a]  JavaCalls::call_helper(JavaValue*, methodHandle*, JavaCallArguments*, Thread*)+0x6ae
V  [libjvm.dylib+0x4cb3ac]  Reflection::invoke(instanceKlassHandle, methodHandle, Handle, bool, objArrayHandle, BasicType, objArrayHandle, bool, Thread*)+0xe12
V  [libjvm.dylib+0x4cb8e0]  Reflection::invoke_method(oopDesc*, Handle, objArrayHandle, Thread*)+0x16c
V  [libjvm.dylib+0x34308c]  JVM_InvokeMethod+0x166
J 1879  sun.reflect.NativeMethodAccessorImpl.invoke0(Ljava/lang/reflect/Method;Ljava/lang/Object;[Ljava/lang/Object;)Ljava/lang/Object; (0 bytes) @ 0x0000000107dbf52d [0x0000000107dbf440+0xed]
J 15375 C2 sun.reflect.NativeMethodAccessorImpl.invoke(Ljava/lang/Object;[Ljava/lang/Object;)Ljava/lang/Object; (104 bytes) @ 0x0000000107906a74 [0x0000000107906a00+0x74]
J 9935 C2 java.lang.reflect.Method.invoke(Ljava/lang/Object;[Ljava/lang/Object;)Ljava/lang/Object; (62 bytes) @ 0x000000010859808c [0x0000000108598000+0x8c]
j  org.apache.tools.ant.dispatch.DispatchUtils.execute(Ljava/lang/Object;)V+518
j  groovy.util.AntBuilder.performTask(Lorg/apache/tools/ant/Task;)Ljava/lang/Object;+66
j  groovy.util.AntBuilder.nodeCompleted(Ljava/lang/Object;Ljava/lang/Object;)V+316
j  org.gradle.api.internal.project.ant.BasicAntBuilder.nodeCompleted(Ljava/lang/Object;Ljava/lang/Object;)V+22
j  sun.reflect.GeneratedMethodAccessor399.invoke(Ljava/lang/Object;[Ljava/lang/Object;)Ljava/lang/Object;+48
J 22240 C2 org.codehaus.groovy.reflection.CachedMethod.invoke(Ljava/lang/Object;[Ljava/lang/Object;)Ljava/lang/Object; (70 bytes) @ 0x000000010c734fec [0x000000010c734f60+0x8c]
J 15951 C1 groovy.lang.MetaMethod.doMethodInvoke(Ljava/lang/Object;[Ljava/lang/Object;)Ljava/lang/Object; (22 bytes) @ 0x000000010a5486c4 [0x000000010a548500+0x1c4]
J 19142 C1 org.gradle.internal.metaobject.BeanDynamicObject$MetaClassAdapter.invokeMethod(Ljava/lang/String;Lorg/gradle/internal/metaobject/InvokeMethodResult;[Ljava/lang/Object;)V (240 bytes) @ 0x00000001080cc5f4 [0x00000001080cb260+0x1394]
J 19140 C1 org.gradle.internal.metaobject.BeanDynamicObject.invokeMethod(Ljava/lang/String;Lorg/gradle/internal/metaobject/InvokeMethodResult;[Ljava/lang/Object;)V (11 bytes) @ 0x0000000108910fc4 [0x0000000108910ec0+0x104]
J 14209 C1 org.gradle.internal.metaobject.AbstractDynamicObject.invokeMethod(Ljava/lang/String;[Ljava/lang/Object;)Ljava/lang/Object; (34 bytes) @ 0x000000010a35d5dc [0x000000010a35d3e0+0x1fc]
j  org.gradle.api.internal.project.antbuilder.AntBuilderDelegate.nodeCompleted(Ljava/lang/Object;Ljava/lang/Object;)V+27
j  groovy.util.BuilderSupport.doInvokeMethod(Ljava/lang/String;Ljava/lang/Object;Ljava/lang/Object;)Ljava/lang/Object;+555
j  groovy.util.BuilderSupport.invokeMethod(Ljava/lang/String;Ljava/lang/Object;)Ljava/lang/Object;+10
j  org.codehaus.groovy.runtime.callsite.PogoMetaClassSite.call(Ljava/lang/Object;[Ljava/lang/Object;)Ljava/lang/Object;+74
j  org.codehaus.groovy.runtime.callsite.AbstractCallSite.call(Ljava/lang/Object;Ljava/lang/Object;Ljava/lang/Object;)Ljava/lang/Object;+38
j  org.gradle.api.plugins.quality.internal.PmdInvoker$_invoke_closure2.doCall(Ljava/lang/Object;)Ljava/lang/Object;+131
v  ~StubRoutines::call_stub
V  [libjvm.dylib+0x2eae7a]  JavaCalls::call_helper(JavaValue*, methodHandle*, JavaCallArguments*, Thread*)+0x6ae
V  [libjvm.dylib+0x4cb3ac]  Reflection::invoke(instanceKlassHandle, methodHandle, Handle, bool, objArrayHandle, BasicType, objArrayHandle, bool, Thread*)+0xe12
V  [libjvm.dylib+0x4cb8e0]  Reflection::invoke_method(oopDesc*, Handle, objArrayHandle, Thread*)+0x16c
V  [libjvm.dylib+0x34308c]  JVM_InvokeMethod+0x166
J 1879  sun.reflect.NativeMethodAccessorImpl.invoke0(Ljava/lang/reflect/Method;Ljava/lang/Object;[Ljava/lang/Object;)Ljava/lang/Object; (0 bytes) @ 0x0000000107dbf52d [0x0000000107dbf440+0xed]
J 15375 C2 sun.reflect.NativeMethodAccessorImpl.invoke(Ljava/lang/Object;[Ljava/lang/Object;)Ljava/lang/Object; (104 bytes) @ 0x0000000107906a74 [0x0000000107906a00+0x74]
J 22240 C2 org.codehaus.groovy.reflection.CachedMethod.invoke(Ljava/lang/Object;[Ljava/lang/Object;)Ljava/lang/Object; (70 bytes) @ 0x000000010c734fec [0x000000010c734f60+0x8c]
J 15951 C1 groovy.lang.MetaMethod.doMethodInvoke(Ljava/lang/Object;[Ljava/lang/Object;)Ljava/lang/Object; (22 bytes) @ 0x000000010a5486c4 [0x000000010a548500+0x1c4]
J 13629 C1 org.codehaus.groovy.runtime.metaclass.ClosureMetaClass.invokeMethod(Ljava/lang/Class;Ljava/lang/Object;Ljava/lang/String;[Ljava/lang/Object;ZZ)Ljava/lang/Object; (892 bytes) @ 0x0000000109873b9c [0x000000010986f8e0+0x42bc]
J 15589 C1 groovy.lang.MetaClassImpl.invokeMethod(Ljava/lang/Object;Ljava/lang/String;[Ljava/lang/Object;)Ljava/lang/Object; (14 bytes) @ 0x0000000107b4d164 [0x0000000107b4d040+0x124]
J 13654 C1 groovy.lang.Closure.call([Ljava/lang/Object;)Ljava/lang/Object; (30 bytes) @ 0x0000000107aa7f94 [0x0000000107aa7dc0+0x1d4]
J 15576 C1 groovy.lang.Closure.call(Ljava/lang/Object;)Ljava/lang/Object; (13 bytes) @ 0x000000010aa2b46c [0x000000010aa2b1c0+0x2ac]
J 17114 C1 org.gradle.api.internal.ClosureBackedAction.execute(Ljava/lang/Object;)V (133 bytes) @ 0x000000010b13ff64 [0x000000010b13f800+0x764]
j  org.gradle.api.internal.ClosureBackedAction.execute(Ljava/lang/Object;Lgroovy/lang/Closure;)V+9
j  org.gradle.api.internal.project.antbuilder.DefaultIsolatedAntBuilder$2.execute(Lorg/gradle/api/internal/project/antbuilder/CachedClassLoader;)V+68
j  org.gradle.api.internal.project.antbuilder.DefaultIsolatedAntBuilder$2.execute(Ljava/lang/Object;)V+5
j  org.gradle.api.internal.project.antbuilder.ClassPathToClassLoaderCache.withCachedClassLoader(Lorg/gradle/internal/classpath/ClassPath;Lorg/gradle/api/internal/classloading/GroovySystemLoader;Lorg/gradle/api/internal/classloading/GroovySystemLoader;Lorg/gradle/internal/Factory;Lorg/gradle/api/Action;)V+231
j  org.gradle.api.internal.project.antbuilder.DefaultIsolatedAntBuilder.execute(Lgroovy/lang/Closure;)V+33
j  org.gradle.api.internal.project.IsolatedAntBuilder$execute$0.call(Ljava/lang/Object;Ljava/lang/Object;)Ljava/lang/Object;+17
j  org.gradle.api.plugins.quality.internal.PmdInvoker.invoke(Lorg/gradle/api/plugins/quality/Pmd;)V+555
j  org.gradle.api.plugins.quality.Pmd.run()V+1
v  ~StubRoutines::call_stub
V  [libjvm.dylib+0x2eae7a]  JavaCalls::call_helper(JavaValue*, methodHandle*, JavaCallArguments*, Thread*)+0x6ae
V  [libjvm.dylib+0x4cb3ac]  Reflection::invoke(instanceKlassHandle, methodHandle, Handle, bool, objArrayHandle, BasicType, objArrayHandle, bool, Thread*)+0xe12
V  [libjvm.dylib+0x4cb8e0]  Reflection::invoke_method(oopDesc*, Handle, objArrayHandle, Thread*)+0x16c
V  [libjvm.dylib+0x34308c]  JVM_InvokeMethod+0x166
J 1879  sun.reflect.NativeMethodAccessorImpl.invoke0(Ljava/lang/reflect/Method;Ljava/lang/Object;[Ljava/lang/Object;)Ljava/lang/Object; (0 bytes) @ 0x0000000107dbf52d [0x0000000107dbf440+0xed]
J 15375 C2 sun.reflect.NativeMethodAccessorImpl.invoke(Ljava/lang/Object;[Ljava/lang/Object;)Ljava/lang/Object; (104 bytes) @ 0x0000000107906a74 [0x0000000107906a00+0x74]
J 17864 C2 org.gradle.internal.reflect.JavaMethod.invoke(Ljava/lang/Object;[Ljava/lang/Object;)Ljava/lang/Object; (74 bytes) @ 0x0000000109879458 [0x00000001098793c0+0x98]
j  org.gradle.api.internal.project.taskfactory.DefaultTaskClassInfoStore$StandardTaskAction.doExecute(Lorg/gradle/api/Task;Ljava/lang/String;)V+17
j  org.gradle.api.internal.project.taskfactory.DefaultTaskClassInfoStore$StandardTaskAction.execute(Lorg/gradle/api/Task;)V+32
j  org.gradle.api.internal.project.taskfactory.DefaultTaskClassInfoStore$StandardTaskAction.execute(Ljava/lang/Object;)V+5
j  org.gradle.api.internal.AbstractTask$TaskActionWrapper.execute(Lorg/gradle/api/Task;)V+28
j  org.gradle.api.internal.AbstractTask$TaskActionWrapper.execute(Ljava/lang/Object;)V+5
j  org.gradle.api.internal.tasks.execution.ExecuteActionsTaskExecuter.executeAction(Lorg/gradle/api/internal/TaskInternal;Lorg/gradle/api/internal/tasks/ContextAwareTaskAction;Lorg/gradle/api/internal/tasks/TaskExecutionContext;)V+9
j  org.gradle.api.internal.tasks.execution.ExecuteActionsTaskExecuter.executeActions(Lorg/gradle/api/internal/TaskInternal;Lorg/gradle/api/internal/tasks/TaskStateInternal;Lorg/gradle/api/internal/tasks/TaskExecutionContext;)Lorg/gradle/api/GradleException;+79
j  org.gradle.api.internal.tasks.execution.ExecuteActionsTaskExecuter.execute(Lorg/gradle/api/internal/TaskInternal;Lorg/gradle/api/internal/tasks/TaskStateInternal;Lorg/gradle/api/internal/tasks/TaskExecutionContext;)V+42
j  org.gradle.api.internal.tasks.execution.SkipUpToDateTaskExecuter.execute(Lorg/gradle/api/internal/TaskInternal;Lorg/gradle/api/internal/tasks/TaskStateInternal;Lorg/gradle/api/internal/tasks/TaskExecutionContext;)V+139
j  org.gradle.api.internal.tasks.execution.ValidatingTaskExecuter.execute(Lorg/gradle/api/internal/TaskInternal;Lorg/gradle/api/internal/tasks/TaskStateInternal;Lorg/gradle/api/internal/tasks/TaskExecutionContext;)V+215
j  org.gradle.api.internal.tasks.execution.SkipEmptySourceFilesTaskExecuter.execute(Lorg/gradle/api/internal/TaskInternal;Lorg/gradle/api/internal/tasks/TaskStateInternal;Lorg/gradle/api/internal/tasks/TaskExecutionContext;)V+335
j  org.gradle.api.internal.tasks.execution.ResolveTaskArtifactStateTaskExecuter.execute(Lorg/gradle/api/internal/TaskInternal;Lorg/gradle/api/internal/tasks/TaskStateInternal;Lorg/gradle/api/internal/tasks/TaskExecutionContext;)V+48
j  org.gradle.api.internal.tasks.execution.SkipTaskWithNoActionsExecuter.execute(Lorg/gradle/api/internal/TaskInternal;Lorg/gradle/api/internal/tasks/TaskStateInternal;Lorg/gradle/api/internal/tasks/TaskExecutionContext;)V+119
J 21019 C1 org.gradle.api.internal.tasks.execution.SkipOnlyIfTaskExecuter.execute(Lorg/gradle/api/internal/TaskInternal;Lorg/gradle/api/internal/tasks/TaskStateInternal;Lorg/gradle/api/internal/tasks/TaskExecutionContext;)V (91 bytes) @ 0x0000000109a4f034 [0x0000000109a4dc20+0x1414]
j  org.gradle.api.internal.tasks.execution.ExecuteAtMostOnceTaskExecuter.execute(Lorg/gradle/api/internal/TaskInternal;Lorg/gradle/api/internal/tasks/TaskStateInternal;Lorg/gradle/api/internal/tasks/TaskExecutionContext;)V+26
j  org.gradle.api.internal.tasks.execution.CatchExceptionTaskExecuter.execute(Lorg/gradle/api/internal/TaskInternal;Lorg/gradle/api/internal/tasks/TaskStateInternal;Lorg/gradle/api/internal/tasks/TaskExecutionContext;)V+7
j  org.gradle.execution.taskgraph.DefaultTaskGraphExecuter$EventFiringTaskWorker.execute(Lorg/gradle/api/internal/TaskInternal;)V+106
j  org.gradle.execution.taskgraph.DefaultTaskGraphExecuter$EventFiringTaskWorker.execute(Ljava/lang/Object;)V+5
j  org.gradle.execution.taskgraph.AbstractTaskPlanExecutor$TaskExecutorWorker.processTask(Lorg/gradle/execution/taskgraph/TaskInfo;)V+8
...<more frames>...

Java frames: (J=compiled Java code, j=interpreted, Vv=VM code)
J 185  java.util.zip.ZipFile.getEntry(J[BZ)J (0 bytes) @ 0x00000001078565d8 [0x0000000107856580+0x58]
J 1634 C2 java.util.zip.ZipFile.getEntry(Ljava/lang/String;)Ljava/util/zip/ZipEntry; (86 bytes) @ 0x0000000107c8e7cc [0x0000000107c8e480+0x34c]
J 14268 C1 sun.net.www.protocol.jar.URLJarFile.getEntry(Ljava/lang/String;)Ljava/util/zip/ZipEntry; (69 bytes) @ 0x000000010a38c8f4 [0x000000010a38c820+0xd4]
J 11941 C1 sun.net.www.protocol.jar.JarURLConnection.connect()V (147 bytes) @ 0x00000001099c37ac [0x00000001099c3260+0x54c]
J 15435 C1 sun.net.www.protocol.jar.JarURLConnection.getInputStream()Ljava/io/InputStream; (97 bytes) @ 0x000000010992f69c [0x000000010992f600+0x9c]
j  java.net.URL.openStream()Ljava/io/InputStream;+4
j  java.lang.ClassLoader.getResourceAsStream(Ljava/lang/String;)Ljava/io/InputStream;+11
j  net.sourceforge.pmd.lang.java.typeresolution.PMDASMClassLoader.getImportedClasses(Ljava/lang/String;)Ljava/util/Map;+169
j  net.sourceforge.pmd.lang.java.typeresolution.ClassTypeResolver.populateClassName(Lnet/sourceforge/pmd/lang/java/ast/ASTCompilationUnit;Ljava/lang/String;)V+21
j  net.sourceforge.pmd.lang.java.typeresolution.ClassTypeResolver.visit(Lnet/sourceforge/pmd/lang/java/ast/ASTCompilationUnit;Ljava/lang/Object;)Ljava/lang/Object;+37
j  net.sourceforge.pmd.lang.java.ast.ASTCompilationUnit.jjtAccept(Lnet/sourceforge/pmd/lang/java/ast/JavaParserVisitor;Ljava/lang/Object;)Ljava/lang/Object;+3
j  net.sourceforge.pmd.lang.java.typeresolution.TypeResolutionFacade.initializeWith(Ljava/lang/ClassLoader;Lnet/sourceforge/pmd/lang/java/ast/ASTCompilationUnit;)V+17
j  net.sourceforge.pmd.lang.java.AbstractJavaHandler$5.start(Lnet/sourceforge/pmd/lang/ast/Node;)V+15
j  net.sourceforge.pmd.SourceCodeProcessor.usesTypeResolution(Lnet/sourceforge/pmd/lang/LanguageVersion;Lnet/sourceforge/pmd/lang/ast/Node;Lnet/sourceforge/pmd/RuleSets;Lnet/sourceforge/pmd/lang/Language;)V+31
j  net.sourceforge.pmd.SourceCodeProcessor.processSource(Ljava/io/Reader;Lnet/sourceforge/pmd/RuleSets;Lnet/sourceforge/pmd/RuleContext;)V+68
j  net.sourceforge.pmd.SourceCodeProcessor.processSourceCode(Ljava/io/Reader;Lnet/sourceforge/pmd/RuleSets;Lnet/sourceforge/pmd/RuleContext;)V+23
j  net.sourceforge.pmd.SourceCodeProcessor.processSourceCode(Ljava/io/InputStream;Lnet/sourceforge/pmd/RuleSets;Lnet/sourceforge/pmd/RuleContext;)V+18
j  net.sourceforge.pmd.processor.MonoThreadProcessor.processFiles(Lnet/sourceforge/pmd/RuleSetFactory;Ljava/util/List;Lnet/sourceforge/pmd/RuleContext;Ljava/util/List;)V+194
j  net.sourceforge.pmd.PMD.processFiles(Lnet/sourceforge/pmd/PMDConfiguration;Lnet/sourceforge/pmd/RuleSetFactory;Ljava/util/List;Lnet/sourceforge/pmd/RuleContext;Ljava/util/List;)V+50
j  net.sourceforge.pmd.ant.internal.PMDTaskImpl.doTask()V+524
j  net.sourceforge.pmd.ant.internal.PMDTaskImpl.execute()V+32
j  net.sourceforge.pmd.ant.PMDTask.execute()V+33
j  org.apache.tools.ant.UnknownElement.execute()V+25
v  ~StubRoutines::call_stub
J 1879  sun.reflect.NativeMethodAccessorImpl.invoke0(Ljava/lang/reflect/Method;Ljava/lang/Object;[Ljava/lang/Object;)Ljava/lang/Object; (0 bytes) @ 0x0000000107dbf4b7 [0x0000000107dbf440+0x77]
J 15375 C2 sun.reflect.NativeMethodAccessorImpl.invoke(Ljava/lang/Object;[Ljava/lang/Object;)Ljava/lang/Object; (104 bytes) @ 0x0000000107906a74 [0x0000000107906a00+0x74]
J 9935 C2 java.lang.reflect.Method.invoke(Ljava/lang/Object;[Ljava/lang/Object;)Ljava/lang/Object; (62 bytes) @ 0x000000010859808c [0x0000000108598000+0x8c]
j  org.apache.tools.ant.dispatch.DispatchUtils.execute(Ljava/lang/Object;)V+518
j  groovy.util.AntBuilder.performTask(Lorg/apache/tools/ant/Task;)Ljava/lang/Object;+66
j  groovy.util.AntBuilder.nodeCompleted(Ljava/lang/Object;Ljava/lang/Object;)V+316
j  org.gradle.api.internal.project.ant.BasicAntBuilder.nodeCompleted(Ljava/lang/Object;Ljava/lang/Object;)V+22
j  sun.reflect.GeneratedMethodAccessor399.invoke(Ljava/lang/Object;[Ljava/lang/Object;)Ljava/lang/Object;+48
J 22240 C2 org.codehaus.groovy.reflection.CachedMethod.invoke(Ljava/lang/Object;[Ljava/lang/Object;)Ljava/lang/Object; (70 bytes) @ 0x000000010c734fec [0x000000010c734f60+0x8c]
J 15951 C1 groovy.lang.MetaMethod.doMethodInvoke(Ljava/lang/Object;[Ljava/lang/Object;)Ljava/lang/Object; (22 bytes) @ 0x000000010a5486c4 [0x000000010a548500+0x1c4]
J 19142 C1 org.gradle.internal.metaobject.BeanDynamicObject$MetaClassAdapter.invokeMethod(Ljava/lang/String;Lorg/gradle/internal/metaobject/InvokeMethodResult;[Ljava/lang/Object;)V (240 bytes) @ 0x00000001080cc5f4 [0x00000001080cb260+0x1394]
J 19140 C1 org.gradle.internal.metaobject.BeanDynamicObject.invokeMethod(Ljava/lang/String;Lorg/gradle/internal/metaobject/InvokeMethodResult;[Ljava/lang/Object;)V (11 bytes) @ 0x0000000108910fc4 [0x0000000108910ec0+0x104]
J 14209 C1 org.gradle.internal.metaobject.AbstractDynamicObject.invokeMethod(Ljava/lang/String;[Ljava/lang/Object;)Ljava/lang/Object; (34 bytes) @ 0x000000010a35d5dc [0x000000010a35d3e0+0x1fc]
j  org.gradle.api.internal.project.antbuilder.AntBuilderDelegate.nodeCompleted(Ljava/lang/Object;Ljava/lang/Object;)V+27
j  groovy.util.BuilderSupport.doInvokeMethod(Ljava/lang/String;Ljava/lang/Object;Ljava/lang/Object;)Ljava/lang/Object;+555
j  groovy.util.BuilderSupport.invokeMethod(Ljava/lang/String;Ljava/lang/Object;)Ljava/lang/Object;+10
j  org.codehaus.groovy.runtime.callsite.PogoMetaClassSite.call(Ljava/lang/Object;[Ljava/lang/Object;)Ljava/lang/Object;+74
j  org.codehaus.groovy.runtime.callsite.AbstractCallSite.call(Ljava/lang/Object;Ljava/lang/Object;Ljava/lang/Object;)Ljava/lang/Object;+38
j  org.gradle.api.plugins.quality.internal.PmdInvoker$_invoke_closure2.doCall(Ljava/lang/Object;)Ljava/lang/Object;+131
v  ~StubRoutines::call_stub
J 1879  sun.reflect.NativeMethodAccessorImpl.invoke0(Ljava/lang/reflect/Method;Ljava/lang/Object;[Ljava/lang/Object;)Ljava/lang/Object; (0 bytes) @ 0x0000000107dbf4b7 [0x0000000107dbf440+0x77]
J 15375 C2 sun.reflect.NativeMethodAccessorImpl.invoke(Ljava/lang/Object;[Ljava/lang/Object;)Ljava/lang/Object; (104 bytes) @ 0x0000000107906a74 [0x0000000107906a00+0x74]
J 22240 C2 org.codehaus.groovy.reflection.CachedMethod.invoke(Ljava/lang/Object;[Ljava/lang/Object;)Ljava/lang/Object; (70 bytes) @ 0x000000010c734fec [0x000000010c734f60+0x8c]
J 15951 C1 groovy.lang.MetaMethod.doMethodInvoke(Ljava/lang/Object;[Ljava/lang/Object;)Ljava/lang/Object; (22 bytes) @ 0x000000010a5486c4 [0x000000010a548500+0x1c4]
J 13629 C1 org.codehaus.groovy.runtime.metaclass.ClosureMetaClass.invokeMethod(Ljava/lang/Class;Ljava/lang/Object;Ljava/lang/String;[Ljava/lang/Object;ZZ)Ljava/lang/Object; (892 bytes) @ 0x0000000109873b9c [0x000000010986f8e0+0x42bc]
J 15589 C1 groovy.lang.MetaClassImpl.invokeMethod(Ljava/lang/Object;Ljava/lang/String;[Ljava/lang/Object;)Ljava/lang/Object; (14 bytes) @ 0x0000000107b4d164 [0x0000000107b4d040+0x124]
J 13654 C1 groovy.lang.Closure.call([Ljava/lang/Object;)Ljava/lang/Object; (30 bytes) @ 0x0000000107aa7f94 [0x0000000107aa7dc0+0x1d4]
J 15576 C1 groovy.lang.Closure.call(Ljava/lang/Object;)Ljava/lang/Object; (13 bytes) @ 0x000000010aa2b46c [0x000000010aa2b1c0+0x2ac]
J 17114 C1 org.gradle.api.internal.ClosureBackedAction.execute(Ljava/lang/Object;)V (133 bytes) @ 0x000000010b13ff64 [0x000000010b13f800+0x764]
j  org.gradle.api.internal.ClosureBackedAction.execute(Ljava/lang/Object;Lgroovy/lang/Closure;)V+9
j  org.gradle.api.internal.project.antbuilder.DefaultIsolatedAntBuilder$2.execute(Lorg/gradle/api/internal/project/antbuilder/CachedClassLoader;)V+68
j  org.gradle.api.internal.project.antbuilder.DefaultIsolatedAntBuilder$2.execute(Ljava/lang/Object;)V+5
j  org.gradle.api.internal.project.antbuilder.ClassPathToClassLoaderCache.withCachedClassLoader(Lorg/gradle/internal/classpath/ClassPath;Lorg/gradle/api/internal/classloading/GroovySystemLoader;Lorg/gradle/api/internal/classloading/GroovySystemLoader;Lorg/gradle/internal/Factory;Lorg/gradle/api/Action;)V+231
j  org.gradle.api.internal.project.antbuilder.DefaultIsolatedAntBuilder.execute(Lgroovy/lang/Closure;)V+33
j  org.gradle.api.internal.project.IsolatedAntBuilder$execute$0.call(Ljava/lang/Object;Ljava/lang/Object;)Ljava/lang/Object;+17
j  org.gradle.api.plugins.quality.internal.PmdInvoker.invoke(Lorg/gradle/api/plugins/quality/Pmd;)V+555
j  org.gradle.api.plugins.quality.Pmd.run()V+1
v  ~StubRoutines::call_stub
J 1879  sun.reflect.NativeMethodAccessorImpl.invoke0(Ljava/lang/reflect/Method;Ljava/lang/Object;[Ljava/lang/Object;)Ljava/lang/Object; (0 bytes) @ 0x0000000107dbf4b7 [0x0000000107dbf440+0x77]
J 15375 C2 sun.reflect.NativeMethodAccessorImpl.invoke(Ljava/lang/Object;[Ljava/lang/Object;)Ljava/lang/Object; (104 bytes) @ 0x0000000107906a74 [0x0000000107906a00+0x74]
J 17864 C2 org.gradle.internal.reflect.JavaMethod.invoke(Ljava/lang/Object;[Ljava/lang/Object;)Ljava/lang/Object; (74 bytes) @ 0x0000000109879458 [0x00000001098793c0+0x98]
j  org.gradle.api.internal.project.taskfactory.DefaultTaskClassInfoStore$StandardTaskAction.doExecute(Lorg/gradle/api/Task;Ljava/lang/String;)V+17
j  org.gradle.api.internal.project.taskfactory.DefaultTaskClassInfoStore$StandardTaskAction.execute(Lorg/gradle/api/Task;)V+32
j  org.gradle.api.internal.project.taskfactory.DefaultTaskClassInfoStore$StandardTaskAction.execute(Ljava/lang/Object;)V+5
j  org.gradle.api.internal.AbstractTask$TaskActionWrapper.execute(Lorg/gradle/api/Task;)V+28
j  org.gradle.api.internal.AbstractTask$TaskActionWrapper.execute(Ljava/lang/Object;)V+5
j  org.gradle.api.internal.tasks.execution.ExecuteActionsTaskExecuter.executeAction(Lorg/gradle/api/internal/TaskInternal;Lorg/gradle/api/internal/tasks/ContextAwareTaskAction;Lorg/gradle/api/internal/tasks/TaskExecutionContext;)V+9
j  org.gradle.api.internal.tasks.execution.ExecuteActionsTaskExecuter.executeActions(Lorg/gradle/api/internal/TaskInternal;Lorg/gradle/api/internal/tasks/TaskStateInternal;Lorg/gradle/api/internal/tasks/TaskExecutionContext;)Lorg/gradle/api/GradleException;+79
j  org.gradle.api.internal.tasks.execution.ExecuteActionsTaskExecuter.execute(Lorg/gradle/api/internal/TaskInternal;Lorg/gradle/api/internal/tasks/TaskStateInternal;Lorg/gradle/api/internal/tasks/TaskExecutionContext;)V+42
j  org.gradle.api.internal.tasks.execution.SkipUpToDateTaskExecuter.execute(Lorg/gradle/api/internal/TaskInternal;Lorg/gradle/api/internal/tasks/TaskStateInternal;Lorg/gradle/api/internal/tasks/TaskExecutionContext;)V+139
j  org.gradle.api.internal.tasks.execution.ValidatingTaskExecuter.execute(Lorg/gradle/api/internal/TaskInternal;Lorg/gradle/api/internal/tasks/TaskStateInternal;Lorg/gradle/api/internal/tasks/TaskExecutionContext;)V+215
j  org.gradle.api.internal.tasks.execution.SkipEmptySourceFilesTaskExecuter.execute(Lorg/gradle/api/internal/TaskInternal;Lorg/gradle/api/internal/tasks/TaskStateInternal;Lorg/gradle/api/internal/tasks/TaskExecutionContext;)V+335
j  org.gradle.api.internal.tasks.execution.ResolveTaskArtifactStateTaskExecuter.execute(Lorg/gradle/api/internal/TaskInternal;Lorg/gradle/api/internal/tasks/TaskStateInternal;Lorg/gradle/api/internal/tasks/TaskExecutionContext;)V+48
j  org.gradle.api.internal.tasks.execution.SkipTaskWithNoActionsExecuter.execute(Lorg/gradle/api/internal/TaskInternal;Lorg/gradle/api/internal/tasks/TaskStateInternal;Lorg/gradle/api/internal/tasks/TaskExecutionContext;)V+119
J 21019 C1 org.gradle.api.internal.tasks.execution.SkipOnlyIfTaskExecuter.execute(Lorg/gradle/api/internal/TaskInternal;Lorg/gradle/api/internal/tasks/TaskStateInternal;Lorg/gradle/api/internal/tasks/TaskExecutionContext;)V (91 bytes) @ 0x0000000109a4f034 [0x0000000109a4dc20+0x1414]
j  org.gradle.api.internal.tasks.execution.ExecuteAtMostOnceTaskExecuter.execute(Lorg/gradle/api/internal/TaskInternal;Lorg/gradle/api/internal/tasks/TaskStateInternal;Lorg/gradle/api/internal/tasks/TaskExecutionContext;)V+26
j  org.gradle.api.internal.tasks.execution.CatchExceptionTaskExecuter.execute(Lorg/gradle/api/internal/TaskInternal;Lorg/gradle/api/internal/tasks/TaskStateInternal;Lorg/gradle/api/internal/tasks/TaskExecutionContext;)V+7
j  org.gradle.execution.taskgraph.DefaultTaskGraphExecuter$EventFiringTaskWorker.execute(Lorg/gradle/api/internal/TaskInternal;)V+106
j  org.gradle.execution.taskgraph.DefaultTaskGraphExecuter$EventFiringTaskWorker.execute(Ljava/lang/Object;)V+5
j  org.gradle.execution.taskgraph.AbstractTaskPlanExecutor$TaskExecutorWorker.processTask(Lorg/gradle/execution/taskgraph/TaskInfo;)V+8
j  org.gradle.execution.taskgraph.AbstractTaskPlanExecutor$TaskExecutorWorker.run()V+67
j  org.gradle.execution.taskgraph.DefaultTaskPlanExecutor.process(Lorg/gradle/execution/taskgraph/TaskExecutionPlan;Lorg/gradle/api/Action;)V+10
j  org.gradle.execution.taskgraph.DefaultTaskGraphExecuter.execute()V+65
j  org.gradle.execution.SelectedTaskExecutionAction.execute(Lorg/gradle/execution/BuildExecutionContext;)V+55
j  org.gradle.execution.DefaultBuildExecuter.execute(Lorg/gradle/api/internal/GradleInternal;I)V+37
j  org.gradle.execution.DefaultBuildExecuter.access$000(Lorg/gradle/execution/DefaultBuildExecuter;Lorg/gradle/api/internal/GradleInternal;I)V+3
j  org.gradle.execution.DefaultBuildExecuter$1.proceed()V+14
j  org.gradle.execution.DryRunBuildExecutionAction.execute(Lorg/gradle/execution/BuildExecutionContext;)V+68
j  org.gradle.execution.DefaultBuildExecuter.execute(Lorg/gradle/api/internal/GradleInternal;I)V+37
j  org.gradle.execution.DefaultBuildExecuter.execute(Lorg/gradle/api/internal/GradleInternal;)V+3
j  org.gradle.initialization.DefaultGradleLauncher$4.run()V+14
J 6458 C1 org.gradle.internal.Factories$1.create()Ljava/lang/Object; (11 bytes) @ 0x0000000108b83d4c [0x0000000108b83c40+0x10c]
j  org.gradle.internal.progress.DefaultBuildOperationExecutor.run(Lorg/gradle/internal/progress/BuildOperationDetails;Lorg/gradle/internal/Factory;)Ljava/lang/Object;+171
j  org.gradle.internal.progress.DefaultBuildOperationExecutor.run(Ljava/lang/String;Ljava/lang/Runnable;)V+12
j  org.gradle.initialization.DefaultGradleLauncher.doBuildStages(Lorg/gradle/initialization/DefaultGradleLauncher$Stage;)V+154
j  org.gradle.initialization.DefaultGradleLauncher.access$200(Lorg/gradle/initialization/DefaultGradleLauncher;Lorg/gradle/initialization/DefaultGradleLauncher$Stage;)V+2
j  org.gradle.initialization.DefaultGradleLauncher$1.create()Lorg/gradle/BuildResult;+29
j  org.gradle.initialization.DefaultGradleLauncher$1.create()Ljava/lang/Object;+1
j  org.gradle.internal.progress.DefaultBuildOperationExecutor.run(Lorg/gradle/internal/progress/BuildOperationDetails;Lorg/gradle/internal/Factory;)Ljava/lang/Object;+171
j  org.gradle.internal.progress.DefaultBuildOperationExecutor.run(Ljava/lang/String;Lorg/gradle/internal/Factory;)Ljava/lang/Object;+9
j  org.gradle.initialization.DefaultGradleLauncher.doBuild(Lorg/gradle/initialization/DefaultGradleLauncher$Stage;)Lorg/gradle/BuildResult;+15
j  org.gradle.initialization.DefaultGradleLauncher.run()Lorg/gradle/BuildResult;+4
j  org.gradle.launcher.exec.GradleBuildController.run()Lorg/gradle/api/internal/GradleInternal;+4
j  org.gradle.tooling.internal.provider.ExecuteBuildActionRunner.run(Lorg/gradle/internal/invocation/BuildAction;Lorg/gradle/internal/invocation/BuildController;)V+8
j  org.gradle.launcher.exec.ChainingBuildActionRunner.run(Lorg/gradle/internal/invocation/BuildAction;Lorg/gradle/internal/invocation/BuildController;)V+34
j  org.gradle.launcher.exec.InProcessBuildActionExecuter.execute(Lorg/gradle/internal/invocation/BuildAction;Lorg/gradle/initialization/BuildRequestContext;Lorg/gradle/launcher/exec/BuildActionParameters;Lorg/gradle/internal/service/ServiceRegistry;)Ljava/lang/Object;+64
j  org.gradle.launcher.exec.InProcessBuildActionExecuter.execute(Lorg/gradle/internal/invocation/BuildAction;Lorg/gradle/initialization/BuildRequestContext;Ljava/lang/Object;Lorg/gradle/internal/service/ServiceRegistry;)Ljava/lang/Object;+9
j  org.gradle.tooling.internal.provider.ContinuousBuildActionExecuter.execute(Lorg/gradle/internal/invocation/BuildAction;Lorg/gradle/initialization/BuildRequestContext;Lorg/gradle/launcher/exec/BuildActionParameters;Lorg/gradle/internal/service/ServiceRegistry;)Ljava/lang/Object;+28
j  org.gradle.tooling.internal.provider.ContinuousBuildActionExecuter.execute(Lorg/gradle/internal/invocation/BuildAction;Lorg/gradle/initialization/BuildRequestContext;Ljava/lang/Object;Lorg/gradle/internal/service/ServiceRegistry;)Ljava/lang/Object;+9
j  org.gradle.tooling.internal.provider.ServicesSetupBuildActionExecuter.execute(Lorg/gradle/internal/invocation/BuildAction;Lorg/gradle/initialization/BuildRequestContext;Lorg/gradle/launcher/exec/BuildActionParameters;Lorg/gradle/internal/service/ServiceRegistry;)Ljava/lang/Object;+52
j  org.gradle.tooling.internal.provider.ServicesSetupBuildActionExecuter.execute(Lorg/gradle/internal/invocation/BuildAction;Lorg/gradle/initialization/BuildRequestContext;Ljava/lang/Object;Lorg/gradle/internal/service/ServiceRegistry;)Ljava/lang/Object;+9
j  org.gradle.launcher.daemon.server.exec.ExecuteBuild.doBuild(Lorg/gradle/launcher/daemon/server/api/DaemonCommandExecution;Lorg/gradle/launcher/daemon/protocol/Build;)V+114
j  org.gradle.launcher.daemon.server.exec.BuildCommandOnly.execute(Lorg/gradle/launcher/daemon/server/api/DaemonCommandExecution;)V+49
j  org.gradle.launcher.daemon.server.api.DaemonCommandExecution.proceed()Z+28
j  org.gradle.launcher.daemon.server.exec.WatchForDisconnection.execute(Lorg/gradle/launcher/daemon/server/api/DaemonCommandExecution;)V+19
j  org.gradle.launcher.daemon.server.api.DaemonCommandExecution.proceed()Z+28
j  org.gradle.launcher.daemon.server.exec.ResetDeprecationLogger.execute(Lorg/gradle/launcher/daemon/server/api/DaemonCommandExecution;)V+4
j  org.gradle.launcher.daemon.server.api.DaemonCommandExecution.proceed()Z+28
j  org.gradle.launcher.daemon.server.exec.RequestStopIfSingleUsedDaemon.execute(Lorg/gradle/launcher/daemon/server/api/DaemonCommandExecution;)V+33
j  org.gradle.launcher.daemon.server.api.DaemonCommandExecution.proceed()Z+28
j  org.gradle.launcher.daemon.server.exec.ForwardClientInput$2.call()Ljava/lang/Void;+4
j  org.gradle.launcher.daemon.server.exec.ForwardClientInput$2.call()Ljava/lang/Object;+1
j  org.gradle.util.Swapper.swap(Ljava/lang/Object;Ljava/util/concurrent/Callable;)Ljava/lang/Object;+21
j  org.gradle.launcher.daemon.server.exec.ForwardClientInput.execute(Lorg/gradle/launcher/daemon/server/api/DaemonCommandExecution;)V+63
j  org.gradle.launcher.daemon.server.api.DaemonCommandExecution.proceed()Z+28
j  org.gradle.launcher.daemon.server.exec.LogAndCheckHealth.execute(Lorg/gradle/launcher/daemon/server/api/DaemonCommandExecution;)V+28
j  org.gradle.launcher.daemon.server.api.DaemonCommandExecution.proceed()Z+28
j  org.gradle.launcher.daemon.server.exec.LogToClient.doBuild(Lorg/gradle/launcher/daemon/server/api/DaemonCommandExecution;Lorg/gradle/launcher/daemon/protocol/Build;)V+87
j  org.gradle.launcher.daemon.server.exec.BuildCommandOnly.execute(Lorg/gradle/launcher/daemon/server/api/DaemonCommandExecution;)V+49
j  org.gradle.launcher.daemon.server.api.DaemonCommandExecution.proceed()Z+28
j  org.gradle.launcher.daemon.server.exec.EstablishBuildEnvironment.doBuild(Lorg/gradle/launcher/daemon/server/api/DaemonCommandExecution;Lorg/gradle/launcher/daemon/protocol/Build;)V+279
j  org.gradle.launcher.daemon.server.exec.BuildCommandOnly.execute(Lorg/gradle/launcher/daemon/server/api/DaemonCommandExecution;)V+49
j  org.gradle.launcher.daemon.server.api.DaemonCommandExecution.proceed()Z+28
j  org.gradle.launcher.daemon.server.exec.StartBuildOrRespondWithBusy$1.run()V+44
j  org.gradle.launcher.daemon.server.DaemonStateCoordinator$1.run()V+4
J 6769 C1 org.gradle.internal.concurrent.ExecutorPolicy$CatchAndRecordFailures.onExecute(Ljava/lang/Runnable;)V (29 bytes) @ 0x0000000108c3db5c [0x0000000108c3da40+0x11c]
j  org.gradle.internal.concurrent.StoppableExecutorImpl$1.run()V+25
j  java.util.concurrent.ThreadPoolExecutor.runWorker(Ljava/util/concurrent/ThreadPoolExecutor$Worker;)V+95
j  java.util.concurrent.ThreadPoolExecutor$Worker.run()V+5
j  java.lang.Thread.run()V+11
v  ~StubRoutines::call_stub

---------------  P R O C E S S  ---------------

Java Threads: ( => current thread )
  0x00007fbe2ae73000 JavaThread "Classloader cache reference queue poller" daemon [_thread_blocked, id=22303, stack(0x00007000049e9000,0x0000700004ae9000)]
  0x00007fbe2ea22000 JavaThread "process reaper" daemon [_thread_blocked, id=24091, stack(0x00007000039b6000,0x00007000039de000)]
  0x00007fbe2fc6a000 JavaThread "Cache update executor" [_thread_blocked, id=22555, stack(0x00007000048e6000,0x00007000049e6000)]
  0x00007fbe2f0c1000 JavaThread "Stdin handler" [_thread_blocked, id=21531, stack(0x00007000047e3000,0x00007000048e3000)]
  0x00007fbe2eb99800 JavaThread "Asynchronous log dispatcher for org.gradle.launcher.daemon.server.DefaultDaemonConnection@7100f43b" [_thread_blocked, id=4899, stack(0x00007000046e0000,0x00007000047e0000)]
  0x00007fbe2f0c0000 JavaThread "Cancel handler" [_thread_blocked, id=5155, stack(0x00007000044da000,0x00007000045da000)]
  0x00007fbe31fe1800 JavaThread "Handler for socket connection from /0:0:0:0:0:0:0:1:58506 to /0:0:0:0:0:0:0:1:58605" [_thread_in_native, id=24603, stack(0x00007000043d7000,0x00007000044d7000)]
=>0x00007fbe2ae2e000 JavaThread "Daemon worker Thread 3" [_thread_in_native, id=23051, stack(0x00007000045dd000,0x00007000046dd000)]
  0x00007fbe31eab800 JavaThread "Daemon Thread 3" [_thread_blocked, id=21003, stack(0x00007000042d4000,0x00007000043d4000)]
  0x00007fbe30051800 JavaThread "File lock request listener" [_thread_in_native, id=15367, stack(0x0000700003098000,0x0000700003198000)]
  0x00007fbe2abb0000 JavaThread "Incoming local TCP Connector on port 58506" [_thread_in_native, id=20483, stack(0x00007000041d1000,0x00007000042d1000)]
  0x00007fbe2bc1d000 JavaThread "pool-1-thread-1" [_thread_blocked, id=19971, stack(0x00007000040ce000,0x00007000041ce000)]
  0x00007fbe2a838000 JavaThread "Service Thread" daemon [_thread_blocked, id=18947, stack(0x0000700003ec8000,0x0000700003fc8000)]
  0x00007fbe2a835800 JavaThread "C1 CompilerThread2" daemon [_thread_blocked, id=18435, stack(0x0000700003dc5000,0x0000700003ec5000)]
  0x00007fbe2a834800 JavaThread "C2 CompilerThread1" daemon [_thread_in_native, id=17923, stack(0x0000700003cc2000,0x0000700003dc2000)]
  0x00007fbe2a833000 JavaThread "C2 CompilerThread0" daemon [_thread_in_native, id=17411, stack(0x0000700003bbf000,0x0000700003cbf000)]
  0x00007fbe2b857000 JavaThread "Signal Dispatcher" daemon [_thread_blocked, id=16899, stack(0x0000700003abc000,0x0000700003bbc000)]
  0x00007fbe2b80f800 JavaThread "Finalizer" daemon [_thread_blocked, id=12291, stack(0x00007000038b3000,0x00007000039b3000)]
  0x00007fbe2c002000 JavaThread "Reference Handler" daemon [_thread_blocked, id=11779, stack(0x00007000037b0000,0x00007000038b0000)]
  0x00007fbe2b801800 JavaThread "main" [_thread_blocked, id=6915, stack(0x000070000319e000,0x000070000329e000)]

Other Threads:
  0x00007fbe2a85c800 VMThread [stack: 0x00007000036ad000,0x00007000037ad000] [id=11267]
  0x00007fbe2a839000 WatcherThread [stack: 0x0000700003fcb000,0x00007000040cb000] [id=19459]

VM state:not at safepoint (normal execution)

VM Mutex/Monitor currently owned by a thread: None

Heap:
 PSYoungGen      total 309248K, used 134495K [0x00000007aab00000, 0x00000007bfb80000, 0x00000007c0000000)
  eden space 274944K, 43% used [0x00000007aab00000,0x00000007b20677e0,0x00000007bb780000)
  from space 34304K, 41% used [0x00000007bda00000,0x00000007be7f05a8,0x00000007bfb80000)
  to   space 34816K, 0% used [0x00000007bb780000,0x00000007bb780000,0x00000007bd980000)
 ParOldGen       total 231424K, used 58477K [0x0000000780000000, 0x000000078e200000, 0x00000007aab00000)
  object space 231424K, 25% used [0x0000000780000000,0x000000078391b590,0x000000078e200000)
 Metaspace       used 110930K, capacity 114708K, committed 114836K, reserved 1148928K
  class space    used 13506K, capacity 14462K, committed 14484K, reserved 1048576K

Card table byte_map: [0x000000010514d000,0x000000010534e000] byte_map_base: 0x000000010154d000

Marking Bits: (ParMarkBitMap*) 0x00000001046e3ea0
 Begin Bits: [0x00000001054a4000, 0x00000001064a4000)
 End Bits:   [0x00000001064a4000, 0x00000001074a4000)

Polling page: 0x000000010357a000

CodeCache: size=245760Kb used=83945Kb max_used=83945Kb free=161814Kb
 bounds [0x00000001076f7000, 0x000000010c957000, 0x00000001166f7000]
 total_blobs=19221 nmethods=18431 adapters=700
 compilation: enabled

Compilation events (10 events):
Event: 504.265 Thread 0x00007fbe2a835800 23347       1       net.sourceforge.pmd.lang.java.symboltable.JavaNameOccurrence::getImage (5 bytes)
Event: 504.265 Thread 0x00007fbe2a835800 nmethod 23347 0x000000010c94b490 code [0x000000010c94b5e0, 0x000000010c94b6f0]
Event: 504.265 Thread 0x00007fbe2a835800 23348       3       net.sourceforge.pmd.lang.java.symboltable.JavaNameOccurrence::getLocation (5 bytes)
Event: 504.265 Thread 0x00007fbe2a835800 nmethod 23348 0x000000010c94b750 code [0x000000010c94b8c0, 0x000000010c94ba30]
Event: 504.265 Thread 0x00007fbe2a835800 23349       3       net.sourceforge.pmd.lang.rule.AbstractDelegateRule::usesDFA (10 bytes)
Event: 504.266 Thread 0x00007fbe2a835800 nmethod 23349 0x000000010c94bad0 code [0x000000010c94bc40, 0x000000010c94be68]
Event: 504.267 Thread 0x00007fbe2a835800 23350       3       org.objectweb.asm.ClassReader::readUnsignedShort (26 bytes)
Event: 504.267 Thread 0x00007fbe2a835800 nmethod 23350 0x000000010c94bf10 code [0x000000010c94c080, 0x000000010c94c230]
Event: 504.270 Thread 0x00007fbe2a835800 23351       3       org.objectweb.asm.ClassReader::a (194 bytes)
Event: 504.271 Thread 0x00007fbe2a835800 nmethod 23351 0x000000010c94c350 code [0x000000010c94c4e0, 0x000000010c94c988]

GC Heap History (10 events):
Event: 351.786 GC heap before
{Heap before GC invocations=26 (full 3):
 PSYoungGen      total 310784K, used 42738K [0x00000007aab00000, 0x00000007c0000000, 0x00000007c0000000)
  eden space 272384K, 7% used [0x00000007aab00000,0x00000007abe96ac8,0x00000007bb500000)
  from space 38400K, 59% used [0x00000007bda80000,0x00000007bf0a5d70,0x00000007c0000000)
  to   space 38400K, 0% used [0x00000007bb500000,0x00000007bb500000,0x00000007bda80000)
 ParOldGen       total 204800K, used 50057K [0x0000000780000000, 0x000000078c800000, 0x00000007aab00000)
  object space 204800K, 24% used [0x0000000780000000,0x00000007830e25e8,0x000000078c800000)
 Metaspace       used 94823K, capacity 98168K, committed 98380K, reserved 1134592K
  class space    used 11826K, capacity 12591K, committed 12692K, reserved 1048576K
Event: 351.828 GC heap after
Heap after GC invocations=26 (full 3):
 PSYoungGen      total 310784K, used 23037K [0x00000007aab00000, 0x00000007c0000000, 0x00000007c0000000)
  eden space 272384K, 0% used [0x00000007aab00000,0x00000007aab00000,0x00000007bb500000)
  from space 38400K, 59% used [0x00000007bb500000,0x00000007bcb7f528,0x00000007bda80000)
  to   space 38400K, 0% used [0x00000007bda80000,0x00000007bda80000,0x00000007c0000000)
 ParOldGen       total 204800K, used 50065K [0x0000000780000000, 0x000000078c800000, 0x00000007aab00000)
  object space 204800K, 24% used [0x0000000780000000,0x00000007830e45e8,0x000000078c800000)
 Metaspace       used 94823K, capacity 98168K, committed 98380K, reserved 1134592K
  class space    used 11826K, capacity 12591K, committed 12692K, reserved 1048576K
}
Event: 351.828 GC heap before
{Heap before GC invocations=27 (full 4):
 PSYoungGen      total 310784K, used 23037K [0x00000007aab00000, 0x00000007c0000000, 0x00000007c0000000)
  eden space 272384K, 0% used [0x00000007aab00000,0x00000007aab00000,0x00000007bb500000)
  from space 38400K, 59% used [0x00000007bb500000,0x00000007bcb7f528,0x00000007bda80000)
  to   space 38400K, 0% used [0x00000007bda80000,0x00000007bda80000,0x00000007c0000000)
 ParOldGen       total 204800K, used 50065K [0x0000000780000000, 0x000000078c800000, 0x00000007aab00000)
  object space 204800K, 24% used [0x0000000780000000,0x00000007830e45e8,0x000000078c800000)
 Metaspace       used 94823K, capacity 98168K, committed 98380K, reserved 1134592K
  class space    used 11826K, capacity 12591K, committed 12692K, reserved 1048576K
Event: 352.179 GC heap after
Heap after GC invocations=27 (full 4):
 PSYoungGen      total 310784K, used 0K [0x00000007aab00000, 0x00000007c0000000, 0x00000007c0000000)
  eden space 272384K, 0% used [0x00000007aab00000,0x00000007aab00000,0x00000007bb500000)
  from space 38400K, 0% used [0x00000007bb500000,0x00000007bb500000,0x00000007bda80000)
  to   space 38400K, 0% used [0x00000007bda80000,0x00000007bda80000,0x00000007c0000000)
 ParOldGen       total 231424K, used 58461K [0x0000000780000000, 0x000000078e200000, 0x00000007aab00000)
  object space 231424K, 25% used [0x0000000780000000,0x0000000783917590,0x000000078e200000)
 Metaspace       used 88021K, capacity 90964K, committed 98380K, reserved 1134592K
  class space    used 10566K, capacity 11299K, committed 12692K, reserved 1048576K
}
Event: 354.938 GC heap before
{Heap before GC invocations=28 (full 4):
 PSYoungGen      total 310784K, used 272384K [0x00000007aab00000, 0x00000007c0000000, 0x00000007c0000000)
  eden space 272384K, 100% used [0x00000007aab00000,0x00000007bb500000,0x00000007bb500000)
  from space 38400K, 0% used [0x00000007bb500000,0x00000007bb500000,0x00000007bda80000)
  to   space 38400K, 0% used [0x00000007bda80000,0x00000007bda80000,0x00000007c0000000)
 ParOldGen       total 231424K, used 58461K [0x0000000780000000, 0x000000078e200000, 0x00000007aab00000)
  object space 231424K, 25% used [0x0000000780000000,0x0000000783917590,0x000000078e200000)
 Metaspace       used 93573K, capacity 96662K, committed 98380K, reserved 1134592K
  class space    used 11147K, capacity 11934K, committed 12692K, reserved 1048576K
Event: 354.953 GC heap after
Heap after GC invocations=28 (full 4):
 PSYoungGen      total 309760K, used 8008K [0x00000007aab00000, 0x00000007bff00000, 0x00000007c0000000)
  eden space 272384K, 0% used [0x00000007aab00000,0x00000007aab00000,0x00000007bb500000)
  from space 37376K, 21% used [0x00000007bda80000,0x00000007be252138,0x00000007bff00000)
  to   space 37888K, 0% used [0x00000007bb500000,0x00000007bb500000,0x00000007bda00000)
 ParOldGen       total 231424K, used 58461K [0x0000000780000000, 0x000000078e200000, 0x00000007aab00000)
  object space 231424K, 25% used [0x0000000780000000,0x0000000783917590,0x000000078e200000)
 Metaspace       used 93573K, capacity 96662K, committed 98380K, reserved 1134592K
  class space    used 11147K, capacity 11934K, committed 12692K, reserved 1048576K
}
Event: 437.979 GC heap before
{Heap before GC invocations=29 (full 4):
 PSYoungGen      total 309760K, used 280392K [0x00000007aab00000, 0x00000007bff00000, 0x00000007c0000000)
  eden space 272384K, 100% used [0x00000007aab00000,0x00000007bb500000,0x00000007bb500000)
  from space 37376K, 21% used [0x00000007bda80000,0x00000007be252138,0x00000007bff00000)
  to   space 37888K, 0% used [0x00000007bb500000,0x00000007bb500000,0x00000007bda00000)
 ParOldGen       total 231424K, used 58461K [0x0000000780000000, 0x000000078e200000, 0x00000007aab00000)
  object space 231424K, 25% used [0x0000000780000000,0x0000000783917590,0x000000078e200000)
 Metaspace       used 100304K, capacity 103810K, committed 103956K, reserved 1140736K
  class space    used 11879K, capacity 12774K, committed 12820K, reserved 1048576K
Event: 438.012 GC heap after
Heap after GC invocations=29 (full 4):
 PSYoungGen      total 310272K, used 18461K [0x00000007aab00000, 0x00000007bfd80000, 0x00000007c0000000)
  eden space 272384K, 0% used [0x00000007aab00000,0x00000007aab00000,0x00000007bb500000)
  from space 37888K, 48% used [0x00000007bb500000,0x00000007bc707760,0x00000007bda00000)
  to   space 36352K, 0% used [0x00000007bda00000,0x00000007bda00000,0x00000007bfd80000)
 ParOldGen       total 231424K, used 58469K [0x0000000780000000, 0x000000078e200000, 0x00000007aab00000)
  object space 231424K, 25% used [0x0000000780000000,0x0000000783919590,0x000000078e200000)
 Metaspace       used 100304K, capacity 103810K, committed 103956K, reserved 1140736K
  class space    used 11879K, capacity 12774K, committed 12820K, reserved 1048576K
}
Event: 497.093 GC heap before
{Heap before GC invocations=30 (full 4):
 PSYoungGen      total 310272K, used 290845K [0x00000007aab00000, 0x00000007bfd80000, 0x00000007c0000000)
  eden space 272384K, 100% used [0x00000007aab00000,0x00000007bb500000,0x00000007bb500000)
  from space 37888K, 48% used [0x00000007bb500000,0x00000007bc707760,0x00000007bda00000)
  to   space 36352K, 0% used [0x00000007bda00000,0x00000007bda00000,0x00000007bfd80000)
 ParOldGen       total 231424K, used 58469K [0x0000000780000000, 0x000000078e200000, 0x00000007aab00000)
  object space 231424K, 25% used [0x0000000780000000,0x0000000783919590,0x000000078e200000)
 Metaspace       used 101007K, capacity 104596K, committed 104724K, reserved 1140736K
  class space    used 11915K, capacity 12815K, committed 12820K, reserved 1048576K
Event: 497.116 GC heap after
Heap after GC invocations=30 (full 4):
 PSYoungGen      total 309248K, used 14273K [0x00000007aab00000, 0x00000007bfb80000, 0x00000007c0000000)
  eden space 274944K, 0% used [0x00000007aab00000,0x00000007aab00000,0x00000007bb780000)
  from space 34304K, 41% used [0x00000007bda00000,0x00000007be7f05a8,0x00000007bfb80000)
  to   space 34816K, 0% used [0x00000007bb780000,0x00000007bb780000,0x00000007bd980000)
 ParOldGen       total 231424K, used 58477K [0x0000000780000000, 0x000000078e200000, 0x00000007aab00000)
  object space 231424K, 25% used [0x0000000780000000,0x000000078391b590,0x000000078e200000)
 Metaspace       used 101007K, capacity 104596K, committed 104724K, reserved 1140736K
  class space    used 11915K, capacity 12815K, committed 12820K, reserved 1048576K
}

Deoptimization events (10 events):
Event: 489.451 Thread 0x00007fbe2ae2e000 Uncommon trap: reason=class_check action=maybe_recompile pc=0x000000010bf0b45c method=org.gradle.api.internal.tasks.TaskMutator.mutate(Ljava/lang/String;Ljava/lang/Runnable;)V @ 29
Event: 489.453 Thread 0x00007fbe2ae2e000 Uncommon trap: reason=class_check action=maybe_recompile pc=0x000000010bf0b45c method=org.gradle.api.internal.tasks.TaskMutator.mutate(Ljava/lang/String;Ljava/lang/Runnable;)V @ 29
Event: 490.731 Thread 0x00007fbe2ae2e000 Uncommon trap: reason=unstable_if action=reinterpret pc=0x0000000109a96900 method=java.security.MessageDigest.isEqual([B[B)Z @ 53
Event: 495.303 Thread 0x00007fbe2ae2e000 Uncommon trap: reason=class_check action=maybe_recompile pc=0x000000010c0a4d10 method=java.util.HashMap.removeNode(ILjava/lang/Object;Ljava/lang/Object;ZZ)Ljava/util/HashMap$Node; @ 143
Event: 495.303 Thread 0x00007fbe2ae2e000 Uncommon trap: reason=class_check action=maybe_recompile pc=0x000000010c0a4d10 method=java.util.HashMap.removeNode(ILjava/lang/Object;Ljava/lang/Object;ZZ)Ljava/util/HashMap$Node; @ 143
Event: 495.303 Thread 0x00007fbe2ae2e000 Uncommon trap: reason=class_check action=maybe_recompile pc=0x000000010c0a4d10 method=java.util.HashMap.removeNode(ILjava/lang/Object;Ljava/lang/Object;ZZ)Ljava/util/HashMap$Node; @ 143
Event: 495.444 Thread 0x00007fbe2ae2e000 Uncommon trap: reason=class_check action=maybe_recompile pc=0x000000010c0a4d10 method=java.util.HashMap.removeNode(ILjava/lang/Object;Ljava/lang/Object;ZZ)Ljava/util/HashMap$Node; @ 143
Event: 495.491 Thread 0x00007fbe2ae2e000 Uncommon trap: reason=unstable_if action=reinterpret pc=0x000000010809f510 method=java.security.MessageDigest.isEqual([B[B)Z @ 53
Event: 497.041 Thread 0x00007fbe2ae2e000 Uncommon trap: reason=class_check action=maybe_recompile pc=0x0000000108a3738c method=java.util.HashMap.removeNode(ILjava/lang/Object;Ljava/lang/Object;ZZ)Ljava/util/HashMap$Node; @ 143
Event: 503.731 Thread 0x00007fbe2ae2e000 Uncommon trap: reason=class_check action=maybe_recompile pc=0x0000000108a1c110 method=java.net.URLClassLoader.defineClass(Ljava/lang/String;Lsun/misc/Resource;)Ljava/lang/Class; @ 34

Internal exceptions (10 events):
Event: 503.169 Thread 0x00007fbe2ae2e000 Exception <a 'java/lang/ClassNotFoundException': groovy/lang/GroovyObjectSupportBeanInfo> (0x00000007ad3b28f8) thrown at [/HUDSON3/workspace/8-2-build-macosx-x86_64/jdk8u73/6086/hotspot/src/share/vm/classfile/systemDictionary.cpp, line 210]
Event: 503.170 Thread 0x00007fbe2ae2e000 Exception <a 'java/lang/ClassNotFoundException': groovy/lang/GroovyObjectSupportCustomizer> (0x00000007ad3cb638) thrown at [/HUDSON3/workspace/8-2-build-macosx-x86_64/jdk8u73/6086/hotspot/src/share/vm/classfile/systemDictionary.cpp, line 210]
Event: 503.170 Thread 0x00007fbe2ae2e000 Exception <a 'java/lang/ClassNotFoundException': groovy/util/BuilderSupportCustomizer> (0x00000007ad3e7bf0) thrown at [/HUDSON3/workspace/8-2-build-macosx-x86_64/jdk8u73/6086/hotspot/src/share/vm/classfile/systemDictionary.cpp, line 210]
Event: 503.170 Thread 0x00007fbe2ae2e000 Exception <a 'java/lang/ClassNotFoundException': groovy/util/AntBuilderCustomizer> (0x00000007ad400e88) thrown at [/HUDSON3/workspace/8-2-build-macosx-x86_64/jdk8u73/6086/hotspot/src/share/vm/classfile/systemDictionary.cpp, line 210]
Event: 503.171 Thread 0x00007fbe2ae2e000 Exception <a 'java/lang/ClassNotFoundException': org/gradle/api/AntBuilderCustomizer> (0x00000007ad41da88) thrown at [/HUDSON3/workspace/8-2-build-macosx-x86_64/jdk8u73/6086/hotspot/src/share/vm/classfile/systemDictionary.cpp, line 210]
Event: 503.171 Thread 0x00007fbe2ae2e000 Exception <a 'java/lang/ClassNotFoundException': org/gradle/api/internal/project/ant/BasicAntBuilderCustomizer> (0x00000007ad4492e8) thrown at [/HUDSON3/workspace/8-2-build-macosx-x86_64/jdk8u73/6086/hotspot/src/share/vm/classfile/systemDictionary.cpp, li
Event: 503.184 Thread 0x00007fbe2ae2e000 Exception <a 'java/lang/ClassNotFoundException': org/apache/tools/ant/ProjectBeanInfo> (0x00000007ad53ed88) thrown at [/HUDSON3/workspace/8-2-build-macosx-x86_64/jdk8u73/6086/hotspot/src/share/vm/classfile/systemDictionary.cpp, line 210]
Event: 503.185 Thread 0x00007fbe2ae2e000 Exception <a 'java/lang/ClassNotFoundException': org/apache/tools/ant/ProjectCustomizer> (0x00000007ad548388) thrown at [/HUDSON3/workspace/8-2-build-macosx-x86_64/jdk8u73/6086/hotspot/src/share/vm/classfile/systemDictionary.cpp, line 210]
Event: 504.271 Thread 0x00007fbe2ae2e000 Exception <a 'java/security/PrivilegedActionException'> (0x00000007b1ebf748) thrown at [/HUDSON3/workspace/8-2-build-macosx-x86_64/jdk8u73/6086/hotspot/src/share/vm/prims/jvm.cpp, line 1386]
Event: 504.271 Thread 0x00007fbe2ae2e000 Exception <a 'java/security/PrivilegedActionException'> (0x00000007b1ec00f8) thrown at [/HUDSON3/workspace/8-2-build-macosx-x86_64/jdk8u73/6086/hotspot/src/share/vm/prims/jvm.cpp, line 1386]

Events (10 events):
Event: 504.266 loading class com/emc/ia/sip/sample/hello/HelloSip
Event: 504.266 loading class com/emc/ia/sip/sample/hello/HelloSip done
Event: 504.268 loading class org/objectweb/asm/Handle
Event: 504.268 loading class org/objectweb/asm/Handle done
Event: 504.268 loading class org/objectweb/asm/Handle
Event: 504.268 loading class org/objectweb/asm/Handle done
Event: 504.268 loading class org/objectweb/asm/signature/SignatureReader
Event: 504.268 loading class org/objectweb/asm/signature/SignatureReader done
Event: 504.269 loading class org/objectweb/asm/signature/SignatureReader
Event: 504.269 loading class org/objectweb/asm/signature/SignatureReader done


Dynamic libraries:
0x000000002b345000 	/System/Library/Frameworks/Cocoa.framework/Versions/A/Cocoa
0x000000002b345000 	/System/Library/Frameworks/Security.framework/Versions/A/Security
0x000000002b345000 	/System/Library/Frameworks/ApplicationServices.framework/Versions/A/ApplicationServices
0x000000002b345000 	/usr/lib/libz.1.dylib
0x000000002b345000 	/usr/lib/libSystem.B.dylib
0x000000002b345000 	/usr/lib/libobjc.A.dylib
0x000000002b345000 	/System/Library/Frameworks/CoreFoundation.framework/Versions/A/CoreFoundation
0x000000002b345000 	/System/Library/Frameworks/Foundation.framework/Versions/C/Foundation
0x000000002b345000 	/System/Library/Frameworks/AppKit.framework/Versions/C/AppKit
0x000000002b345000 	/System/Library/Frameworks/CoreData.framework/Versions/A/CoreData
0x000000002b345000 	/System/Library/PrivateFrameworks/RemoteViewServices.framework/Versions/A/RemoteViewServices
0x000000002b345000 	/System/Library/PrivateFrameworks/UIFoundation.framework/Versions/A/UIFoundation
0x000000002b345000 	/usr/lib/libenergytrace.dylib
0x000000002b345000 	/System/Library/PrivateFrameworks/SkyLight.framework/Versions/A/SkyLight
0x000000002b345000 	/System/Library/Frameworks/CoreGraphics.framework/Versions/A/CoreGraphics
0x000000002b345000 	/usr/lib/libScreenReader.dylib
0x000000002b345000 	/System/Library/Frameworks/Accelerate.framework/Versions/A/Accelerate
0x000000002b345000 	/System/Library/Frameworks/IOSurface.framework/Versions/A/IOSurface
0x000000002b345000 	/System/Library/Frameworks/AudioToolbox.framework/Versions/A/AudioToolbox
0x000000002b345000 	/System/Library/Frameworks/AudioUnit.framework/Versions/A/AudioUnit
0x000000002b345000 	/System/Library/PrivateFrameworks/DataDetectorsCore.framework/Versions/A/DataDetectorsCore
0x000000002b345000 	/System/Library/PrivateFrameworks/DesktopServicesPriv.framework/Versions/A/DesktopServicesPriv
0x000000002b345000 	/System/Library/Frameworks/Carbon.framework/Versions/A/Frameworks/HIToolbox.framework/Versions/A/HIToolbox
0x000000002b345000 	/usr/lib/libicucore.A.dylib
0x000000002b345000 	/System/Library/Frameworks/QuartzCore.framework/Versions/A/QuartzCore
0x000000002b345000 	/System/Library/Frameworks/Carbon.framework/Versions/A/Frameworks/SpeechRecognition.framework/Versions/A/SpeechRecognition
0x000000002b345000 	/usr/lib/libauto.dylib
0x000000002b345000 	/usr/lib/libxml2.2.dylib
0x000000002b345000 	/System/Library/PrivateFrameworks/CoreUI.framework/Versions/A/CoreUI
0x000000002b345000 	/System/Library/Frameworks/CoreAudio.framework/Versions/A/CoreAudio
0x000000002b345000 	/System/Library/Frameworks/DiskArbitration.framework/Versions/A/DiskArbitration
0x000000002b345000 	/usr/lib/liblangid.dylib
0x000000002b345000 	/System/Library/PrivateFrameworks/MultitouchSupport.framework/Versions/A/MultitouchSupport
0x000000002b345000 	/System/Library/Frameworks/IOKit.framework/Versions/A/IOKit
0x000000002b345000 	/usr/lib/libDiagnosticMessagesClient.dylib
0x000000002b345000 	/System/Library/Frameworks/CoreServices.framework/Versions/A/CoreServices
0x000000002b345000 	/System/Library/PrivateFrameworks/PerformanceAnalysis.framework/Versions/A/PerformanceAnalysis
0x000000002b345000 	/System/Library/PrivateFrameworks/GenerationalStorage.framework/Versions/A/GenerationalStorage
0x000000002b345000 	/System/Library/Frameworks/OpenGL.framework/Versions/A/OpenGL
0x000000002b345000 	/System/Library/Frameworks/CoreImage.framework/Versions/A/CoreImage
0x000000002b345000 	/System/Library/Frameworks/CoreText.framework/Versions/A/CoreText
0x000000002b345000 	/System/Library/Frameworks/ImageIO.framework/Versions/A/ImageIO
0x000000002b345000 	/System/Library/PrivateFrameworks/Backup.framework/Versions/A/Backup
0x000000002b345000 	/usr/lib/libarchive.2.dylib
0x000000002b345000 	/System/Library/Frameworks/CFNetwork.framework/Versions/A/CFNetwork
0x000000002b345000 	/System/Library/Frameworks/SystemConfiguration.framework/Versions/A/SystemConfiguration
0x000000002b345000 	/usr/lib/libCRFSuite.dylib
0x000000002b345000 	/usr/lib/libc++.1.dylib
0x000000002b345000 	/usr/lib/libc++abi.dylib
0x000000002b345000 	/usr/lib/system/libcache.dylib
0x000000002b345000 	/usr/lib/system/libcommonCrypto.dylib
0x000000002b345000 	/usr/lib/system/libcompiler_rt.dylib
0x000000002b345000 	/usr/lib/system/libcopyfile.dylib
0x000000002b345000 	/usr/lib/system/libcorecrypto.dylib
0x000000002b345000 	/usr/lib/system/libdispatch.dylib
0x000000002b345000 	/usr/lib/system/libdyld.dylib
0x000000002b345000 	/usr/lib/system/libkeymgr.dylib
0x000000002b345000 	/usr/lib/system/liblaunch.dylib
0x000000002b345000 	/usr/lib/system/libmacho.dylib
0x000000002b345000 	/usr/lib/system/libquarantine.dylib
0x000000002b345000 	/usr/lib/system/libremovefile.dylib
0x000000002b345000 	/usr/lib/system/libsystem_asl.dylib
0x000000002b345000 	/usr/lib/system/libsystem_blocks.dylib
0x000000002b345000 	/usr/lib/system/libsystem_c.dylib
0x000000002b345000 	/usr/lib/system/libsystem_configuration.dylib
0x000000002b345000 	/usr/lib/system/libsystem_coreservices.dylib
0x000000002b345000 	/usr/lib/system/libsystem_coretls.dylib
0x000000002b345000 	/usr/lib/system/libsystem_dnssd.dylib
0x000000002b345000 	/usr/lib/system/libsystem_info.dylib
0x000000002b345000 	/usr/lib/system/libsystem_kernel.dylib
0x000000002b345000 	/usr/lib/system/libsystem_m.dylib
0x000000002b345000 	/usr/lib/system/libsystem_malloc.dylib
0x000000002b345000 	/usr/lib/system/libsystem_network.dylib
0x000000002b345000 	/usr/lib/system/libsystem_networkextension.dylib
0x000000002b345000 	/usr/lib/system/libsystem_notify.dylib
0x000000002b345000 	/usr/lib/system/libsystem_platform.dylib
0x000000002b345000 	/usr/lib/system/libsystem_pthread.dylib
0x000000002b345000 	/usr/lib/system/libsystem_sandbox.dylib
0x000000002b345000 	/usr/lib/system/libsystem_secinit.dylib
0x000000002b345000 	/usr/lib/system/libsystem_symptoms.dylib
0x000000002b345000 	/usr/lib/system/libsystem_trace.dylib
0x000000002b345000 	/usr/lib/system/libunwind.dylib
0x000000002b345000 	/usr/lib/system/libxpc.dylib
0x000000002b345000 	/usr/lib/libbsm.0.dylib
0x000000002b345000 	/usr/lib/system/libkxld.dylib
0x000000002b345000 	/usr/lib/libcoretls.dylib
0x000000002b345000 	/usr/lib/libcoretls_cfhelpers.dylib
0x000000002b345000 	/usr/lib/libxar.1.dylib
0x000000002b345000 	/usr/lib/libsqlite3.dylib
0x000000002b345000 	/usr/lib/libpam.2.dylib
0x000000002b345000 	/usr/lib/libOpenScriptingUtil.dylib
0x000000002b345000 	/usr/lib/libbz2.1.0.dylib
0x000000002b345000 	/usr/lib/liblzma.5.dylib
0x000000002b345000 	/usr/lib/libnetwork.dylib
0x000000002b345000 	/usr/lib/libpcap.A.dylib
0x000000002b345000 	/System/Library/Frameworks/CoreServices.framework/Versions/A/Frameworks/FSEvents.framework/Versions/A/FSEvents
0x000000002b345000 	/System/Library/Frameworks/CoreServices.framework/Versions/A/Frameworks/CarbonCore.framework/Versions/A/CarbonCore
0x000000002b345000 	/System/Library/Frameworks/CoreServices.framework/Versions/A/Frameworks/Metadata.framework/Versions/A/Metadata
0x000000002b345000 	/System/Library/Frameworks/CoreServices.framework/Versions/A/Frameworks/OSServices.framework/Versions/A/OSServices
0x000000002b345000 	/System/Library/Frameworks/CoreServices.framework/Versions/A/Frameworks/SearchKit.framework/Versions/A/SearchKit
0x000000002b345000 	/System/Library/Frameworks/CoreServices.framework/Versions/A/Frameworks/AE.framework/Versions/A/AE
0x000000002b345000 	/System/Library/Frameworks/CoreServices.framework/Versions/A/Frameworks/LaunchServices.framework/Versions/A/LaunchServices
0x000000002b345000 	/System/Library/Frameworks/CoreServices.framework/Versions/A/Frameworks/DictionaryServices.framework/Versions/A/DictionaryServices
0x000000002b345000 	/System/Library/Frameworks/CoreServices.framework/Versions/A/Frameworks/SharedFileList.framework/Versions/A/SharedFileList
0x000000002b345000 	/System/Library/Frameworks/NetFS.framework/Versions/A/NetFS
0x000000002b345000 	/System/Library/PrivateFrameworks/NetAuth.framework/Versions/A/NetAuth
0x000000002b345000 	/System/Library/PrivateFrameworks/login.framework/Versions/A/Frameworks/loginsupport.framework/Versions/A/loginsupport
0x000000002b345000 	/System/Library/PrivateFrameworks/TCC.framework/Versions/A/TCC
0x000000002b345000 	/usr/lib/libmecabra.dylib
0x000000002b345000 	/System/Library/Frameworks/ApplicationServices.framework/Versions/A/Frameworks/ATS.framework/Versions/A/ATS
0x000000002b345000 	/System/Library/Frameworks/ApplicationServices.framework/Versions/A/Frameworks/ColorSync.framework/Versions/A/ColorSync
0x000000002b345000 	/System/Library/Frameworks/ApplicationServices.framework/Versions/A/Frameworks/HIServices.framework/Versions/A/HIServices
0x000000002b345000 	/System/Library/Frameworks/ApplicationServices.framework/Versions/A/Frameworks/LangAnalysis.framework/Versions/A/LangAnalysis
0x000000002b345000 	/System/Library/Frameworks/ApplicationServices.framework/Versions/A/Frameworks/PrintCore.framework/Versions/A/PrintCore
0x000000002b345000 	/System/Library/Frameworks/ApplicationServices.framework/Versions/A/Frameworks/QD.framework/Versions/A/QD
0x000000002b345000 	/System/Library/Frameworks/ApplicationServices.framework/Versions/A/Frameworks/SpeechSynthesis.framework/Versions/A/SpeechSynthesis
0x000000002b345000 	/System/Library/Frameworks/Accelerate.framework/Versions/A/Frameworks/vImage.framework/Versions/A/vImage
0x000000002b345000 	/System/Library/Frameworks/Accelerate.framework/Versions/A/Frameworks/vecLib.framework/Versions/A/vecLib
0x000000002b345000 	/System/Library/Frameworks/Accelerate.framework/Versions/A/Frameworks/vecLib.framework/Versions/A/libvDSP.dylib
0x000000002b345000 	/System/Library/Frameworks/Accelerate.framework/Versions/A/Frameworks/vecLib.framework/Versions/A/libBNNS.dylib
0x000000002b345000 	/System/Library/Frameworks/Accelerate.framework/Versions/A/Frameworks/vecLib.framework/Versions/A/libQuadrature.dylib
0x000000002b345000 	/System/Library/Frameworks/Accelerate.framework/Versions/A/Frameworks/vecLib.framework/Versions/A/libvMisc.dylib
0x000000002b345000 	/System/Library/Frameworks/Accelerate.framework/Versions/A/Frameworks/vecLib.framework/Versions/A/libLAPACK.dylib
0x000000002b345000 	/System/Library/Frameworks/Accelerate.framework/Versions/A/Frameworks/vecLib.framework/Versions/A/libBLAS.dylib
0x000000002b345000 	/System/Library/Frameworks/Accelerate.framework/Versions/A/Frameworks/vecLib.framework/Versions/A/libLinearAlgebra.dylib
0x000000002b345000 	/System/Library/Frameworks/Accelerate.framework/Versions/A/Frameworks/vecLib.framework/Versions/A/libSparseBLAS.dylib
0x000000002b345000 	/System/Library/Frameworks/ApplicationServices.framework/Versions/A/Frameworks/ATS.framework/Versions/A/Resources/libFontParser.dylib
0x000000002b345000 	/System/Library/Frameworks/ApplicationServices.framework/Versions/A/Frameworks/ATS.framework/Versions/A/Resources/libFontRegistry.dylib
0x000000002b345000 	/System/Library/Frameworks/ImageIO.framework/Versions/A/Resources/libJPEG.dylib
0x000000002b345000 	/System/Library/Frameworks/ImageIO.framework/Versions/A/Resources/libTIFF.dylib
0x000000002b345000 	/System/Library/Frameworks/ImageIO.framework/Versions/A/Resources/libPng.dylib
0x000000002b345000 	/System/Library/Frameworks/ImageIO.framework/Versions/A/Resources/libGIF.dylib
0x000000002b345000 	/System/Library/Frameworks/ImageIO.framework/Versions/A/Resources/libJP2.dylib
0x000000002b345000 	/System/Library/Frameworks/ImageIO.framework/Versions/A/Resources/libRadiance.dylib
0x000000002b345000 	/usr/lib/libcompression.dylib
0x000000002b345000 	/System/Library/PrivateFrameworks/AppleJPEG.framework/Versions/A/AppleJPEG
0x000000002b345000 	/usr/lib/libcups.2.dylib
0x000000002b345000 	/System/Library/Frameworks/Kerberos.framework/Versions/A/Kerberos
0x000000002b345000 	/System/Library/Frameworks/GSS.framework/Versions/A/GSS
0x000000002b345000 	/usr/lib/libresolv.9.dylib
0x000000002b345000 	/usr/lib/libiconv.2.dylib
0x000000002b345000 	/System/Library/PrivateFrameworks/Heimdal.framework/Versions/A/Heimdal
0x000000002b345000 	/usr/lib/libheimdal-asn1.dylib
0x000000002b345000 	/System/Library/Frameworks/OpenDirectory.framework/Versions/A/OpenDirectory
0x000000002b345000 	/System/Library/PrivateFrameworks/CommonAuth.framework/Versions/A/CommonAuth
0x000000002b345000 	/System/Library/Frameworks/OpenDirectory.framework/Versions/A/Frameworks/CFOpenDirectory.framework/Versions/A/CFOpenDirectory
0x000000002b345000 	/System/Library/Frameworks/SecurityFoundation.framework/Versions/A/SecurityFoundation
0x000000002b345000 	/System/Library/PrivateFrameworks/LanguageModeling.framework/Versions/A/LanguageModeling
0x000000002b345000 	/usr/lib/libmarisa.dylib
0x000000002b345000 	/usr/lib/libChineseTokenizer.dylib
0x000000002b345000 	/usr/lib/libcmph.dylib
0x000000002b345000 	/System/Library/PrivateFrameworks/CoreEmoji.framework/Versions/A/CoreEmoji
0x000000002b345000 	/System/Library/Frameworks/ServiceManagement.framework/Versions/A/ServiceManagement
0x000000002b345000 	/usr/lib/libxslt.1.dylib
0x000000002b345000 	/System/Library/Frameworks/Carbon.framework/Versions/A/Frameworks/Ink.framework/Versions/A/Ink
0x000000002b345000 	/System/Library/PrivateFrameworks/TextureIO.framework/Versions/A/TextureIO
0x000000002b345000 	/System/Library/Frameworks/Metal.framework/Versions/A/Metal
0x000000002b345000 	/usr/lib/libate.dylib
0x000000002b345000 	/System/Library/PrivateFrameworks/GPUCompiler.framework/libmetal_timestamp.dylib
0x000000002b345000 	/System/Library/Frameworks/OpenGL.framework/Versions/A/Libraries/libCoreFSCache.dylib
0x000000002b345000 	/System/Library/PrivateFrameworks/IOAccelerator.framework/Versions/A/IOAccelerator
0x000000002b345000 	/System/Library/Frameworks/CoreVideo.framework/Versions/A/CoreVideo
0x000000002b345000 	/usr/lib/libFosl_dynamic.dylib
0x000000002b345000 	/System/Library/PrivateFrameworks/MetalPerformanceShaders.framework/Versions/A/MetalPerformanceShaders
0x000000002b345000 	/System/Library/PrivateFrameworks/FaceCore.framework/Versions/A/FaceCore
0x000000002b345000 	/System/Library/Frameworks/OpenCL.framework/Versions/A/OpenCL
0x000000002b345000 	/System/Library/Frameworks/OpenGL.framework/Versions/A/Libraries/libGLU.dylib
0x000000002b345000 	/System/Library/Frameworks/OpenGL.framework/Versions/A/Libraries/libGFXShared.dylib
0x000000002b345000 	/System/Library/Frameworks/OpenGL.framework/Versions/A/Libraries/libGL.dylib
0x000000002b345000 	/System/Library/Frameworks/OpenGL.framework/Versions/A/Libraries/libGLImage.dylib
0x000000002b345000 	/System/Library/Frameworks/OpenGL.framework/Versions/A/Libraries/libCVMSPluginSupport.dylib
0x000000002b345000 	/System/Library/Frameworks/OpenGL.framework/Versions/A/Libraries/libCoreVMClient.dylib
0x000000002b345000 	/System/Library/PrivateFrameworks/CrashReporterSupport.framework/Versions/A/CrashReporterSupport
0x000000002b345000 	/System/Library/PrivateFrameworks/Sharing.framework/Versions/A/Sharing
0x000000002b345000 	/System/Library/PrivateFrameworks/IconServices.framework/Versions/A/IconServices
0x000000002b345000 	/System/Library/PrivateFrameworks/ProtocolBuffer.framework/Versions/A/ProtocolBuffer
0x000000002b345000 	/System/Library/PrivateFrameworks/Apple80211.framework/Versions/A/Apple80211
0x000000002b345000 	/System/Library/Frameworks/CoreWLAN.framework/Versions/A/CoreWLAN
0x000000002b345000 	/System/Library/PrivateFrameworks/CoreUtils.framework/Versions/A/CoreUtils
0x000000002b345000 	/System/Library/Frameworks/IOBluetooth.framework/Versions/A/IOBluetooth
0x000000002b345000 	/System/Library/PrivateFrameworks/CoreWiFi.framework/Versions/A/CoreWiFi
0x000000002b345000 	/System/Library/Frameworks/CoreBluetooth.framework/Versions/A/CoreBluetooth
0x000000002b345000 	/System/Library/Frameworks/CoreDisplay.framework/Versions/A/CoreDisplay
0x000000002b345000 	/System/Library/PrivateFrameworks/IOPresentment.framework/Versions/A/IOPresentment
0x000000002b345000 	/System/Library/PrivateFrameworks/DebugSymbols.framework/Versions/A/DebugSymbols
0x000000002b345000 	/System/Library/PrivateFrameworks/CoreSymbolication.framework/Versions/A/CoreSymbolication
0x000000002b345000 	/System/Library/PrivateFrameworks/Symbolication.framework/Versions/A/Symbolication
0x000000002b345000 	/System/Library/PrivateFrameworks/AppleFSCompression.framework/Versions/A/AppleFSCompression
0x000000002b345000 	/System/Library/PrivateFrameworks/SpeechRecognitionCore.framework/Versions/A/SpeechRecognitionCore
0x000000002b345000 	/System/Library/PrivateFrameworks/ChunkingLibrary.framework/Versions/A/ChunkingLibrary
0x0000000103e00000 	/Library/Java/JavaVirtualMachines/jdk1.8.0_73.jdk/Contents/Home/jre/lib/server/libjvm.dylib
0x000000002b345000 	/usr/lib/libstdc++.6.dylib
0x0000000103537000 	/Library/Java/JavaVirtualMachines/jdk1.8.0_73.jdk/Contents/Home/jre/lib/libverify.dylib
0x0000000103545000 	/Library/Java/JavaVirtualMachines/jdk1.8.0_73.jdk/Contents/Home/jre/lib/libjava.dylib
0x0000000103584000 	/Library/Java/JavaVirtualMachines/jdk1.8.0_73.jdk/Contents/Home/jre/lib/libzip.dylib
0x0000000107646000 	/System/Library/Frameworks/JavaVM.framework/Frameworks/JavaRuntimeSupport.framework/JavaRuntimeSupport
0x00000001035ea000 	/System/Library/Frameworks/JavaVM.framework/Versions/A/Frameworks/JavaNativeFoundation.framework/Versions/A/JavaNativeFoundation
0x00000001181db000 	/System/Library/Frameworks/JavaVM.framework/Versions/A/JavaVM
0x000000002b345000 	/System/Library/Frameworks/Carbon.framework/Versions/A/Carbon
0x0000000107660000 	/System/Library/PrivateFrameworks/JavaLaunching.framework/Versions/A/JavaLaunching
0x000000002b345000 	/System/Library/Frameworks/Carbon.framework/Versions/A/Frameworks/CommonPanels.framework/Versions/A/CommonPanels
0x000000002b345000 	/System/Library/Frameworks/Carbon.framework/Versions/A/Frameworks/Help.framework/Versions/A/Help
0x000000002b345000 	/System/Library/Frameworks/Carbon.framework/Versions/A/Frameworks/ImageCapture.framework/Versions/A/ImageCapture
0x000000002b345000 	/System/Library/Frameworks/Carbon.framework/Versions/A/Frameworks/OpenScripting.framework/Versions/A/OpenScripting
0x000000002b345000 	/System/Library/Frameworks/Carbon.framework/Versions/A/Frameworks/Print.framework/Versions/A/Print
0x000000002b345000 	/System/Library/Frameworks/Carbon.framework/Versions/A/Frameworks/SecurityHI.framework/Versions/A/SecurityHI
0x000000011a0d1000 	/Library/Java/JavaVirtualMachines/jdk1.8.0_73.jdk/Contents/Home/jre/lib/libnet.dylib
0x000000011a130000 	/Library/Java/JavaVirtualMachines/jdk1.8.0_73.jdk/Contents/Home/jre/lib/libnio.dylib
0x000000011a140000 	/Users/yakhub/.gradle/native/21/osx-amd64/libnative-platform.dylib
0x000000011a4fa000 	/Library/Java/JavaVirtualMachines/jdk1.8.0_73.jdk/Contents/Home/jre/lib/libmanagement.dylib
0x0000000119f95000 	/Library/Java/JavaVirtualMachines/jdk1.8.0_73.jdk/Contents/Home/jre/lib/libsunec.dylib
0x0000000119ed6000 	/Users/yakhub/.gradle/native/21/osx-amd64/libnative-platform-curses.dylib
0x000000002b345000 	/usr/lib/libncurses.5.4.dylib

VM Arguments:
jvm_args: -XX:MaxPermSize=256m -XX:+HeapDumpOnOutOfMemoryError -Xmx1024m -Dfile.encoding=UTF-8 -Duser.country=US -Duser.language=en -Duser.variant 
java_command: org.gradle.launcher.daemon.bootstrap.GradleDaemon 3.2
java_class_path (initial): /Users/yakhub/.sdkman/candidates/gradle/3.2/lib/gradle-launcher-3.2.jar
Launcher Type: SUN_STANDARD

Environment Variables:
JAVA_HOME=/Library/Java/JavaVirtualMachines/jdk1.8.0_73.jdk/Contents/Home
PATH=/Users/yakhub/.sdkman/candidates/gradle/current/bin:/opt/local/bin:/opt/local/sbin:/usr/local/bin:/usr/bin:/bin:/usr/sbin:/sbin
SHELL=/bin/bash

Signal Handlers:
SIGSEGV: [libjvm.dylib+0x5a71a5], sa_mask[0]=11111111011111110111111111111111, sa_flags=SA_ONSTACK|SA_RESTART|SA_SIGINFO
SIGBUS: [libjvm.dylib+0x5a71a5], sa_mask[0]=11111111011111110111111111111111, sa_flags=SA_RESTART|SA_SIGINFO
SIGFPE: [libjvm.dylib+0x480eb4], sa_mask[0]=11111111011111110111111111111111, sa_flags=SA_RESTART|SA_SIGINFO
SIGPIPE: [libjvm.dylib+0x480eb4], sa_mask[0]=11111111011111110111111111111111, sa_flags=SA_RESTART|SA_SIGINFO
SIGXFSZ: [libjvm.dylib+0x480eb4], sa_mask[0]=11111111011111110111111111111111, sa_flags=SA_RESTART|SA_SIGINFO
SIGILL: [libjvm.dylib+0x480eb4], sa_mask[0]=11111111011111110111111111111111, sa_flags=SA_RESTART|SA_SIGINFO
SIGUSR1: SIG_DFL, sa_mask[0]=11011111011111100000000111000110, sa_flags=none
SIGUSR2: [libjvm.dylib+0x4809d2], sa_mask[0]=00100000000000000000000000000000, sa_flags=SA_RESTART|SA_SIGINFO
SIGHUP: [libjvm.dylib+0x47efa9], sa_mask[0]=11111111011111110111111111111111, sa_flags=SA_RESTART|SA_SIGINFO
SIGINT: [libjvm.dylib+0x47efa9], sa_mask[0]=11111111011111110111111111111111, sa_flags=SA_RESTART|SA_SIGINFO
SIGTERM: [libjvm.dylib+0x47efa9], sa_mask[0]=11111111011111110111111111111111, sa_flags=SA_RESTART|SA_SIGINFO
SIGQUIT: [libjvm.dylib+0x47efa9], sa_mask[0]=11111111011111110111111111111111, sa_flags=SA_RESTART|SA_SIGINFO


---------------  S Y S T E M  ---------------

OS:Bsduname:Darwin 16.1.0 Darwin Kernel Version 16.1.0: Thu Oct 13 21:26:57 PDT 2016; root:xnu-3789.21.3~60/RELEASE_X86_64 x86_64
rlimit: STACK 8192k, CORE 0k, NPROC 709, NOFILE 10240, AS infinity
load average:6.17 6.23 4.17

CPU:total 4 (2 cores per cpu, 2 threads per core) family 6 model 58 stepping 9, cmov, cx8, fxsr, mmx, sse, sse2, sse3, ssse3, sse4.1, sse4.2, popcnt, avx, aes, clmul, erms, ht, tsc, tscinvbit, tscinv

Memory: 4k page, physical 10485760k(682060k free)

/proc/meminfo:


vm_info: Java HotSpot(TM) 64-Bit Server VM (25.73-b02) for bsd-amd64 JRE (1.8.0_73-b02), built on Jan 29 2016 15:02:00 by "java_re" with gcc 4.2.1 (Based on Apple Inc. build 5658) (LLVM build 2336.11.00)

time: Mon Nov 21 00:33:29 2016
elapsed time: 504 seconds (0d 0h 8m 24s)

